This is pdfTeX, Version 3.14159265-2.6-1.40.19 (TeX Live 2018) (preloaded format=pdflatex 2019.3.25)  8 APR 2019 20:47
entering extended mode
 restricted \write18 enabled.
 %&-line parsing enabled.
**talk_april_8_2019.tex
(./talk_april_8_2019.tex
LaTeX2e <2018-12-01>

(/Users/georgianaanderson/Library/TinyTeX/texmf-dist/tex/latex/beamer/beamer.cl
s
Document Class: beamer 2018/12/02 v3.55 A class for typesetting presentations

(/Users/georgianaanderson/Library/TinyTeX/texmf-dist/tex/latex/beamer/beamerbas
emodes.sty
(/Users/georgianaanderson/Library/TinyTeX/texmf-dist/tex/latex/etoolbox/etoolbo
x.sty
Package: etoolbox 2018/08/19 v2.5f e-TeX tools for LaTeX (JAW)
\etb@tempcnta=\count80
)
\beamer@tempbox=\box27
\beamer@tempcount=\count81
\c@beamerpauses=\count82

(/Users/georgianaanderson/Library/TinyTeX/texmf-dist/tex/latex/beamer/beamerbas
edecode.sty
\beamer@slideinframe=\count83
\beamer@minimum=\count84
)
\beamer@commentbox=\box28
\beamer@modecount=\count85
)
(/Users/georgianaanderson/Library/TinyTeX/texmf-dist/tex/generic/oberdiek/ifpdf
.sty
Package: ifpdf 2018/09/07 v3.3 Provides the ifpdf switch
)
\headdp=\dimen102
\footheight=\dimen103
\sidebarheight=\dimen104
\beamer@tempdim=\dimen105
\beamer@finalheight=\dimen106
\beamer@animht=\dimen107
\beamer@animdp=\dimen108
\beamer@animwd=\dimen109
\beamer@leftmargin=\dimen110
\beamer@rightmargin=\dimen111
\beamer@leftsidebar=\dimen112
\beamer@rightsidebar=\dimen113
\beamer@boxsize=\dimen114
\beamer@vboxoffset=\dimen115
\beamer@descdefault=\dimen116
\beamer@descriptionwidth=\dimen117
\beamer@lastskip=\skip41
\beamer@areabox=\box29
\beamer@animcurrent=\box30
\beamer@animshowbox=\box31
\beamer@sectionbox=\box32
\beamer@logobox=\box33
\beamer@linebox=\box34
\beamer@sectioncount=\count86
\beamer@subsubsectionmax=\count87
\beamer@subsectionmax=\count88
\beamer@sectionmax=\count89
\beamer@totalheads=\count90
\beamer@headcounter=\count91
\beamer@partstartpage=\count92
\beamer@sectionstartpage=\count93
\beamer@subsectionstartpage=\count94
\beamer@animationtempa=\count95
\beamer@animationtempb=\count96
\beamer@xpos=\count97
\beamer@ypos=\count98
\beamer@ypos@offset=\count99
\beamer@showpartnumber=\count100
\beamer@currentsubsection=\count101
\beamer@coveringdepth=\count102
\beamer@sectionadjust=\count103
\beamer@tocsectionnumber=\count104

(/Users/georgianaanderson/Library/TinyTeX/texmf-dist/tex/latex/beamer/beamerbas
eoptions.sty
(/Users/georgianaanderson/Library/TinyTeX/texmf-dist/tex/latex/graphics/keyval.
sty
Package: keyval 2014/10/28 v1.15 key=value parser (DPC)
\KV@toks@=\toks14
))
\beamer@paperwidth=\skip42
\beamer@paperheight=\skip43

(/Users/georgianaanderson/Library/TinyTeX/texmf-dist/tex/latex/geometry/geometr
y.sty
Package: geometry 2018/04/16 v5.8 Page Geometry

(/Users/georgianaanderson/Library/TinyTeX/texmf-dist/tex/generic/oberdiek/ifvte
x.sty
Package: ifvtex 2016/05/16 v1.6 Detect VTeX and its facilities (HO)
Package ifvtex Info: VTeX not detected.
)
(/Users/georgianaanderson/Library/TinyTeX/texmf-dist/tex/generic/ifxetex/ifxete
x.sty
Package: ifxetex 2010/09/12 v0.6 Provides ifxetex conditional
)
\Gm@cnth=\count105
\Gm@cntv=\count106
\c@Gm@tempcnt=\count107
\Gm@bindingoffset=\dimen118
\Gm@wd@mp=\dimen119
\Gm@odd@mp=\dimen120
\Gm@even@mp=\dimen121
\Gm@layoutwidth=\dimen122
\Gm@layoutheight=\dimen123
\Gm@layouthoffset=\dimen124
\Gm@layoutvoffset=\dimen125
\Gm@dimlist=\toks15
) (/Users/georgianaanderson/Library/TinyTeX/texmf-dist/tex/latex/base/size10.cl
o
File: size10.clo 2018/09/03 v1.4i Standard LaTeX file (size option)
)
(/Users/georgianaanderson/Library/TinyTeX/texmf-dist/tex/latex/pgf/basiclayer/p
gfcore.sty
(/Users/georgianaanderson/Library/TinyTeX/texmf-dist/tex/latex/graphics/graphic
x.sty
Package: graphicx 2017/06/01 v1.1a Enhanced LaTeX Graphics (DPC,SPQR)

(/Users/georgianaanderson/Library/TinyTeX/texmf-dist/tex/latex/graphics/graphic
s.sty
Package: graphics 2017/06/25 v1.2c Standard LaTeX Graphics (DPC,SPQR)

(/Users/georgianaanderson/Library/TinyTeX/texmf-dist/tex/latex/graphics/trig.st
y
Package: trig 2016/01/03 v1.10 sin cos tan (DPC)
)
(/Users/georgianaanderson/Library/TinyTeX/texmf-dist/tex/latex/graphics-cfg/gra
phics.cfg
File: graphics.cfg 2016/06/04 v1.11 sample graphics configuration
)
Package graphics Info: Driver file: pdftex.def on input line 99.

(/Users/georgianaanderson/Library/TinyTeX/texmf-dist/tex/latex/graphics-def/pdf
tex.def
File: pdftex.def 2018/01/08 v1.0l Graphics/color driver for pdftex
))
\Gin@req@height=\dimen126
\Gin@req@width=\dimen127
)
(/Users/georgianaanderson/Library/TinyTeX/texmf-dist/tex/latex/pgf/systemlayer/
pgfsys.sty
(/Users/georgianaanderson/Library/TinyTeX/texmf-dist/tex/latex/pgf/utilities/pg
frcs.sty
(/Users/georgianaanderson/Library/TinyTeX/texmf-dist/tex/generic/pgf/utilities/
pgfutil-common.tex
\pgfutil@everybye=\toks16
\pgfutil@tempdima=\dimen128
\pgfutil@tempdimb=\dimen129

(/Users/georgianaanderson/Library/TinyTeX/texmf-dist/tex/generic/pgf/utilities/
pgfutil-common-lists.tex))
(/Users/georgianaanderson/Library/TinyTeX/texmf-dist/tex/generic/pgf/utilities/
pgfutil-latex.def
\pgfutil@abb=\box35
(/Users/georgianaanderson/Library/TinyTeX/texmf-dist/tex/latex/ms/everyshi.sty
Package: everyshi 2001/05/15 v3.00 EveryShipout Package (MS)
))
(/Users/georgianaanderson/Library/TinyTeX/texmf-dist/tex/generic/pgf/utilities/
pgfrcs.code.tex
(/Users/georgianaanderson/Library/TinyTeX/texmf-dist/tex/generic/pgf/pgf.revisi
on.tex)
Package: pgfrcs 2019/02/02 v3.1.1 (3.1.1)
))
(/Users/georgianaanderson/Library/TinyTeX/texmf-dist/tex/generic/pgf/systemlaye
r/pgfsys.code.tex
Package: pgfsys 2019/02/02 v3.1.1 (3.1.1)

(/Users/georgianaanderson/Library/TinyTeX/texmf-dist/tex/generic/pgf/utilities/
pgfkeys.code.tex
\pgfkeys@pathtoks=\toks17
\pgfkeys@temptoks=\toks18

(/Users/georgianaanderson/Library/TinyTeX/texmf-dist/tex/generic/pgf/utilities/
pgfkeysfiltered.code.tex
\pgfkeys@tmptoks=\toks19
))
\pgf@x=\dimen130
\pgf@y=\dimen131
\pgf@xa=\dimen132
\pgf@ya=\dimen133
\pgf@xb=\dimen134
\pgf@yb=\dimen135
\pgf@xc=\dimen136
\pgf@yc=\dimen137
\w@pgf@writea=\write3
\r@pgf@reada=\read1
\c@pgf@counta=\count108
\c@pgf@countb=\count109
\c@pgf@countc=\count110
\c@pgf@countd=\count111
\t@pgf@toka=\toks20
\t@pgf@tokb=\toks21
\t@pgf@tokc=\toks22
\pgf@sys@id@count=\count112

(/Users/georgianaanderson/Library/TinyTeX/texmf-dist/tex/generic/pgf/systemlaye
r/pgf.cfg
File: pgf.cfg 2019/02/02 v3.1.1 (3.1.1)
)
Driver file for pgf: pgfsys-pdftex.def

(/Users/georgianaanderson/Library/TinyTeX/texmf-dist/tex/generic/pgf/systemlaye
r/pgfsys-pdftex.def
File: pgfsys-pdftex.def 2019/02/02 v3.1.1 (3.1.1)

(/Users/georgianaanderson/Library/TinyTeX/texmf-dist/tex/generic/pgf/systemlaye
r/pgfsys-common-pdf.def
File: pgfsys-common-pdf.def 2019/02/02 v3.1.1 (3.1.1)
)))
(/Users/georgianaanderson/Library/TinyTeX/texmf-dist/tex/generic/pgf/systemlaye
r/pgfsyssoftpath.code.tex
File: pgfsyssoftpath.code.tex 2019/02/02 v3.1.1 (3.1.1)
\pgfsyssoftpath@smallbuffer@items=\count113
\pgfsyssoftpath@bigbuffer@items=\count114
)
(/Users/georgianaanderson/Library/TinyTeX/texmf-dist/tex/generic/pgf/systemlaye
r/pgfsysprotocol.code.tex
File: pgfsysprotocol.code.tex 2019/02/02 v3.1.1 (3.1.1)
))
(/Users/georgianaanderson/Library/TinyTeX/texmf-dist/tex/latex/xcolor/xcolor.st
y
Package: xcolor 2016/05/11 v2.12 LaTeX color extensions (UK)

(/Users/georgianaanderson/Library/TinyTeX/texmf-dist/tex/latex/graphics-cfg/col
or.cfg
File: color.cfg 2016/01/02 v1.6 sample color configuration
)
Package xcolor Info: Driver file: pdftex.def on input line 225.
Package xcolor Info: Model `cmy' substituted by `cmy0' on input line 1348.
Package xcolor Info: Model `hsb' substituted by `rgb' on input line 1352.
Package xcolor Info: Model `RGB' extended on input line 1364.
Package xcolor Info: Model `HTML' substituted by `rgb' on input line 1366.
Package xcolor Info: Model `Hsb' substituted by `hsb' on input line 1367.
Package xcolor Info: Model `tHsb' substituted by `hsb' on input line 1368.
Package xcolor Info: Model `HSB' substituted by `hsb' on input line 1369.
Package xcolor Info: Model `Gray' substituted by `gray' on input line 1370.
Package xcolor Info: Model `wave' substituted by `hsb' on input line 1371.
)
(/Users/georgianaanderson/Library/TinyTeX/texmf-dist/tex/generic/pgf/basiclayer
/pgfcore.code.tex
Package: pgfcore 2019/02/02 v3.1.1 (3.1.1)

(/Users/georgianaanderson/Library/TinyTeX/texmf-dist/tex/generic/pgf/math/pgfma
th.code.tex
(/Users/georgianaanderson/Library/TinyTeX/texmf-dist/tex/generic/pgf/math/pgfma
thcalc.code.tex
(/Users/georgianaanderson/Library/TinyTeX/texmf-dist/tex/generic/pgf/math/pgfma
thutil.code.tex)
(/Users/georgianaanderson/Library/TinyTeX/texmf-dist/tex/generic/pgf/math/pgfma
thparser.code.tex
\pgfmath@dimen=\dimen138
\pgfmath@count=\count115
\pgfmath@box=\box36
\pgfmath@toks=\toks23
\pgfmath@stack@operand=\toks24
\pgfmath@stack@operation=\toks25
)
(/Users/georgianaanderson/Library/TinyTeX/texmf-dist/tex/generic/pgf/math/pgfma
thfunctions.code.tex
(/Users/georgianaanderson/Library/TinyTeX/texmf-dist/tex/generic/pgf/math/pgfma
thfunctions.basic.code.tex)
(/Users/georgianaanderson/Library/TinyTeX/texmf-dist/tex/generic/pgf/math/pgfma
thfunctions.trigonometric.code.tex)
(/Users/georgianaanderson/Library/TinyTeX/texmf-dist/tex/generic/pgf/math/pgfma
thfunctions.random.code.tex)
(/Users/georgianaanderson/Library/TinyTeX/texmf-dist/tex/generic/pgf/math/pgfma
thfunctions.comparison.code.tex)
(/Users/georgianaanderson/Library/TinyTeX/texmf-dist/tex/generic/pgf/math/pgfma
thfunctions.base.code.tex)
(/Users/georgianaanderson/Library/TinyTeX/texmf-dist/tex/generic/pgf/math/pgfma
thfunctions.round.code.tex)
(/Users/georgianaanderson/Library/TinyTeX/texmf-dist/tex/generic/pgf/math/pgfma
thfunctions.misc.code.tex)
(/Users/georgianaanderson/Library/TinyTeX/texmf-dist/tex/generic/pgf/math/pgfma
thfunctions.integerarithmetics.code.tex)))
(/Users/georgianaanderson/Library/TinyTeX/texmf-dist/tex/generic/pgf/math/pgfma
thfloat.code.tex
\c@pgfmathroundto@lastzeros=\count116
))
(/Users/georgianaanderson/Library/TinyTeX/texmf-dist/tex/generic/pgf/basiclayer
/pgfcorepoints.code.tex
File: pgfcorepoints.code.tex 2019/02/02 v3.1.1 (3.1.1)
\pgf@picminx=\dimen139
\pgf@picmaxx=\dimen140
\pgf@picminy=\dimen141
\pgf@picmaxy=\dimen142
\pgf@pathminx=\dimen143
\pgf@pathmaxx=\dimen144
\pgf@pathminy=\dimen145
\pgf@pathmaxy=\dimen146
\pgf@xx=\dimen147
\pgf@xy=\dimen148
\pgf@yx=\dimen149
\pgf@yy=\dimen150
\pgf@zx=\dimen151
\pgf@zy=\dimen152
)
(/Users/georgianaanderson/Library/TinyTeX/texmf-dist/tex/generic/pgf/basiclayer
/pgfcorepathconstruct.code.tex
File: pgfcorepathconstruct.code.tex 2019/02/02 v3.1.1 (3.1.1)
\pgf@path@lastx=\dimen153
\pgf@path@lasty=\dimen154
)
(/Users/georgianaanderson/Library/TinyTeX/texmf-dist/tex/generic/pgf/basiclayer
/pgfcorepathusage.code.tex
File: pgfcorepathusage.code.tex 2019/02/02 v3.1.1 (3.1.1)
\pgf@shorten@end@additional=\dimen155
\pgf@shorten@start@additional=\dimen156
)
(/Users/georgianaanderson/Library/TinyTeX/texmf-dist/tex/generic/pgf/basiclayer
/pgfcorescopes.code.tex
File: pgfcorescopes.code.tex 2019/02/02 v3.1.1 (3.1.1)
\pgfpic=\box37
\pgf@hbox=\box38
\pgf@layerbox@main=\box39
\pgf@picture@serial@count=\count117
)
(/Users/georgianaanderson/Library/TinyTeX/texmf-dist/tex/generic/pgf/basiclayer
/pgfcoregraphicstate.code.tex
File: pgfcoregraphicstate.code.tex 2019/02/02 v3.1.1 (3.1.1)
\pgflinewidth=\dimen157
)
(/Users/georgianaanderson/Library/TinyTeX/texmf-dist/tex/generic/pgf/basiclayer
/pgfcoretransformations.code.tex
File: pgfcoretransformations.code.tex 2019/02/02 v3.1.1 (3.1.1)
\pgf@pt@x=\dimen158
\pgf@pt@y=\dimen159
\pgf@pt@temp=\dimen160
)
(/Users/georgianaanderson/Library/TinyTeX/texmf-dist/tex/generic/pgf/basiclayer
/pgfcorequick.code.tex
File: pgfcorequick.code.tex 2019/02/02 v3.1.1 (3.1.1)
)
(/Users/georgianaanderson/Library/TinyTeX/texmf-dist/tex/generic/pgf/basiclayer
/pgfcoreobjects.code.tex
File: pgfcoreobjects.code.tex 2019/02/02 v3.1.1 (3.1.1)
)
(/Users/georgianaanderson/Library/TinyTeX/texmf-dist/tex/generic/pgf/basiclayer
/pgfcorepathprocessing.code.tex
File: pgfcorepathprocessing.code.tex 2019/02/02 v3.1.1 (3.1.1)
)
(/Users/georgianaanderson/Library/TinyTeX/texmf-dist/tex/generic/pgf/basiclayer
/pgfcorearrows.code.tex
File: pgfcorearrows.code.tex 2019/02/02 v3.1.1 (3.1.1)
\pgfarrowsep=\dimen161
)
(/Users/georgianaanderson/Library/TinyTeX/texmf-dist/tex/generic/pgf/basiclayer
/pgfcoreshade.code.tex
File: pgfcoreshade.code.tex 2019/02/02 v3.1.1 (3.1.1)
\pgf@max=\dimen162
\pgf@sys@shading@range@num=\count118
)
(/Users/georgianaanderson/Library/TinyTeX/texmf-dist/tex/generic/pgf/basiclayer
/pgfcoreimage.code.tex
File: pgfcoreimage.code.tex 2019/02/02 v3.1.1 (3.1.1)

(/Users/georgianaanderson/Library/TinyTeX/texmf-dist/tex/generic/pgf/basiclayer
/pgfcoreexternal.code.tex
File: pgfcoreexternal.code.tex 2019/02/02 v3.1.1 (3.1.1)
\pgfexternal@startupbox=\box40
))
(/Users/georgianaanderson/Library/TinyTeX/texmf-dist/tex/generic/pgf/basiclayer
/pgfcorelayers.code.tex
File: pgfcorelayers.code.tex 2019/02/02 v3.1.1 (3.1.1)
)
(/Users/georgianaanderson/Library/TinyTeX/texmf-dist/tex/generic/pgf/basiclayer
/pgfcoretransparency.code.tex
File: pgfcoretransparency.code.tex 2019/02/02 v3.1.1 (3.1.1)
)
(/Users/georgianaanderson/Library/TinyTeX/texmf-dist/tex/generic/pgf/basiclayer
/pgfcorepatterns.code.tex
File: pgfcorepatterns.code.tex 2019/02/02 v3.1.1 (3.1.1)
)
(/Users/georgianaanderson/Library/TinyTeX/texmf-dist/tex/generic/pgf/basiclayer
/pgfcorerdf.code.tex
File: pgfcorerdf.code.tex 2019/02/02 v3.1.1 (3.1.1)
)))
(/Users/georgianaanderson/Library/TinyTeX/texmf-dist/tex/latex/pgf/utilities/xx
color.sty
Package: xxcolor 2003/10/24 ver 0.1
\XC@nummixins=\count119
\XC@countmixins=\count120
)
(/Users/georgianaanderson/Library/TinyTeX/texmf-dist/tex/generic/oberdiek/atbeg
shi.sty
Package: atbegshi 2016/06/09 v1.18 At begin shipout hook (HO)

(/Users/georgianaanderson/Library/TinyTeX/texmf-dist/tex/generic/oberdiek/infwa
rerr.sty
Package: infwarerr 2016/05/16 v1.4 Providing info/warning/error messages (HO)
)
(/Users/georgianaanderson/Library/TinyTeX/texmf-dist/tex/generic/oberdiek/ltxcm
ds.sty
Package: ltxcmds 2016/05/16 v1.23 LaTeX kernel commands for general use (HO)
))
(/Users/georgianaanderson/Library/TinyTeX/texmf-dist/tex/latex/hyperref/hyperre
f.sty
Package: hyperref 2018/11/30 v6.88e Hypertext links for LaTeX

(/Users/georgianaanderson/Library/TinyTeX/texmf-dist/tex/generic/oberdiek/hobsu
b-hyperref.sty
Package: hobsub-hyperref 2016/05/16 v1.14 Bundle oberdiek, subset hyperref (HO)


(/Users/georgianaanderson/Library/TinyTeX/texmf-dist/tex/generic/oberdiek/hobsu
b-generic.sty
Package: hobsub-generic 2016/05/16 v1.14 Bundle oberdiek, subset generic (HO)
Package: hobsub 2016/05/16 v1.14 Construct package bundles (HO)
Package hobsub Info: Skipping package `infwarerr' (already loaded).
Package hobsub Info: Skipping package `ltxcmds' (already loaded).
Package: ifluatex 2016/05/16 v1.4 Provides the ifluatex switch (HO)
Package ifluatex Info: LuaTeX not detected.
Package hobsub Info: Skipping package `ifvtex' (already loaded).
Package: intcalc 2016/05/16 v1.2 Expandable calculations with integers (HO)
Package hobsub Info: Skipping package `ifpdf' (already loaded).
Package: etexcmds 2016/05/16 v1.6 Avoid name clashes with e-TeX commands (HO)
Package etexcmds Info: Could not find \expanded.
(etexcmds)             That can mean that you are not using pdfTeX 1.50 or
(etexcmds)             that some package has redefined \expanded.
(etexcmds)             In the latter case, load this package earlier.
Package: kvsetkeys 2016/05/16 v1.17 Key value parser (HO)
Package: kvdefinekeys 2016/05/16 v1.4 Define keys (HO)
Package: pdftexcmds 2018/09/10 v0.29 Utility functions of pdfTeX for LuaTeX (HO
)
Package pdftexcmds Info: LuaTeX not detected.
Package pdftexcmds Info: \pdf@primitive is available.
Package pdftexcmds Info: \pdf@ifprimitive is available.
Package pdftexcmds Info: \pdfdraftmode found.
Package: pdfescape 2016/05/16 v1.14 Implements pdfTeX's escape features (HO)
Package: bigintcalc 2016/05/16 v1.4 Expandable calculations on big integers (HO
)
Package: bitset 2016/05/16 v1.2 Handle bit-vector datatype (HO)
Package: uniquecounter 2016/05/16 v1.3 Provide unlimited unique counter (HO)
)
Package hobsub Info: Skipping package `hobsub' (already loaded).
Package: letltxmacro 2016/05/16 v1.5 Let assignment for LaTeX macros (HO)
Package: hopatch 2016/05/16 v1.3 Wrapper for package hooks (HO)
Package: xcolor-patch 2016/05/16 xcolor patch
Package: atveryend 2016/05/16 v1.9 Hooks at the very end of document (HO)
Package hobsub Info: Skipping package `atbegshi' (already loaded).
Package: refcount 2016/05/16 v3.5 Data extraction from label references (HO)
Package: hycolor 2016/05/16 v1.8 Color options for hyperref/bookmark (HO)
)
(/Users/georgianaanderson/Library/TinyTeX/texmf-dist/tex/latex/oberdiek/auxhook
.sty
Package: auxhook 2016/05/16 v1.4 Hooks for auxiliary files (HO)
)
(/Users/georgianaanderson/Library/TinyTeX/texmf-dist/tex/latex/oberdiek/kvoptio
ns.sty
Package: kvoptions 2016/05/16 v3.12 Key value format for package options (HO)
)
\@linkdim=\dimen163
\Hy@linkcounter=\count121
\Hy@pagecounter=\count122

(/Users/georgianaanderson/Library/TinyTeX/texmf-dist/tex/latex/hyperref/pd1enc.
def
File: pd1enc.def 2018/11/30 v6.88e Hyperref: PDFDocEncoding definition (HO)
Now handling font encoding PD1 ...
... no UTF-8 mapping file for font encoding PD1
)
\Hy@SavedSpaceFactor=\count123

(/Users/georgianaanderson/Library/TinyTeX/texmf-dist/tex/latex/latexconfig/hype
rref.cfg
File: hyperref.cfg 2002/06/06 v1.2 hyperref configuration of TeXLive
)
Package hyperref Info: Option `unicode' set `true' on input line 4393.

(/Users/georgianaanderson/Library/TinyTeX/texmf-dist/tex/latex/hyperref/puenc.d
ef
File: puenc.def 2018/11/30 v6.88e Hyperref: PDF Unicode definition (HO)
Now handling font encoding PU ...
... no UTF-8 mapping file for font encoding PU
)
Package hyperref Info: Option `bookmarks' set `true' on input line 4393.
Package hyperref Info: Option `bookmarksopen' set `true' on input line 4393.
Package hyperref Info: Option `implicit' set `false' on input line 4393.
Package hyperref Info: Hyper figures OFF on input line 4519.
Package hyperref Info: Link nesting OFF on input line 4524.
Package hyperref Info: Hyper index ON on input line 4527.
Package hyperref Info: Plain pages OFF on input line 4534.
Package hyperref Info: Backreferencing OFF on input line 4539.
Package hyperref Info: Implicit mode OFF; no redefinition of LaTeX internals.
Package hyperref Info: Bookmarks ON on input line 4772.
\c@Hy@tempcnt=\count124
(/Users/georgianaanderson/Library/TinyTeX/texmf-dist/tex/latex/url/url.sty
\Urlmuskip=\muskip10
Package: url 2013/09/16  ver 3.4  Verb mode for urls, etc.
)
LaTeX Info: Redefining \url on input line 5125.
\XeTeXLinkMargin=\dimen164
\Fld@menulength=\count125
\Field@Width=\dimen165
\Fld@charsize=\dimen166
Package hyperref Info: Hyper figures OFF on input line 6380.
Package hyperref Info: Link nesting OFF on input line 6385.
Package hyperref Info: Hyper index ON on input line 6388.
Package hyperref Info: backreferencing OFF on input line 6395.
Package hyperref Info: Link coloring OFF on input line 6400.
Package hyperref Info: Link coloring with OCG OFF on input line 6405.
Package hyperref Info: PDF/A mode OFF on input line 6410.
LaTeX Info: Redefining \ref on input line 6450.
LaTeX Info: Redefining \pageref on input line 6454.
\Hy@abspage=\count126

Package hyperref Message: Stopped early.

)
Package hyperref Info: Driver (autodetected): hpdftex.

(/Users/georgianaanderson/Library/TinyTeX/texmf-dist/tex/latex/hyperref/hpdftex
.def
File: hpdftex.def 2018/11/30 v6.88e Hyperref driver for pdfTeX
\Fld@listcount=\count127
\c@bookmark@seq@number=\count128

(/Users/georgianaanderson/Library/TinyTeX/texmf-dist/tex/latex/oberdiek/rerunfi
lecheck.sty
Package: rerunfilecheck 2016/05/16 v1.8 Rerun checks for auxiliary files (HO)
Package uniquecounter Info: New unique counter `rerunfilecheck' on input line 2
82.
))
(/Users/georgianaanderson/Library/TinyTeX/texmf-dist/tex/latex/beamer/beamerbas
erequires.sty
(/Users/georgianaanderson/Library/TinyTeX/texmf-dist/tex/latex/beamer/beamerbas
ecompatibility.sty)
(/Users/georgianaanderson/Library/TinyTeX/texmf-dist/tex/latex/beamer/beamerbas
efont.sty
(/Users/georgianaanderson/Library/TinyTeX/texmf-dist/tex/latex/amsfonts/amssymb
.sty
Package: amssymb 2013/01/14 v3.01 AMS font symbols

(/Users/georgianaanderson/Library/TinyTeX/texmf-dist/tex/latex/amsfonts/amsfont
s.sty
Package: amsfonts 2013/01/14 v3.01 Basic AMSFonts support
\@emptytoks=\toks26
\symAMSa=\mathgroup4
\symAMSb=\mathgroup5
LaTeX Font Info:    Overwriting math alphabet `\mathfrak' in version `bold'
(Font)                  U/euf/m/n --> U/euf/b/n on input line 106.
)))
(/Users/georgianaanderson/Library/TinyTeX/texmf-dist/tex/latex/beamer/beamerbas
etranslator.sty
(/Users/georgianaanderson/Library/TinyTeX/texmf-dist/tex/latex/translator/trans
lator.sty
Package: translator 2018/01/04 v1.12 Easy translation of strings in LaTeX
))
(/Users/georgianaanderson/Library/TinyTeX/texmf-dist/tex/latex/beamer/beamerbas
emisc.sty)
(/Users/georgianaanderson/Library/TinyTeX/texmf-dist/tex/latex/beamer/beamerbas
etwoscreens.sty)
(/Users/georgianaanderson/Library/TinyTeX/texmf-dist/tex/latex/beamer/beamerbas
eoverlay.sty
\beamer@argscount=\count129
\beamer@lastskipcover=\skip44
\beamer@trivlistdepth=\count130
)
(/Users/georgianaanderson/Library/TinyTeX/texmf-dist/tex/latex/beamer/beamerbas
etitle.sty)
(/Users/georgianaanderson/Library/TinyTeX/texmf-dist/tex/latex/beamer/beamerbas
esection.sty
\c@lecture=\count131
\c@part=\count132
\c@section=\count133
\c@subsection=\count134
\c@subsubsection=\count135
)
(/Users/georgianaanderson/Library/TinyTeX/texmf-dist/tex/latex/beamer/beamerbas
eframe.sty
\beamer@framebox=\box41
\beamer@frametitlebox=\box42
\beamer@zoombox=\box43
\beamer@zoomcount=\count136
\beamer@zoomframecount=\count137
\beamer@frametextheight=\dimen167
\c@subsectionslide=\count138
\beamer@frametopskip=\skip45
\beamer@framebottomskip=\skip46
\beamer@frametopskipautobreak=\skip47
\beamer@framebottomskipautobreak=\skip48
\beamer@envbody=\toks27
\framewidth=\dimen168
\c@framenumber=\count139
)
(/Users/georgianaanderson/Library/TinyTeX/texmf-dist/tex/latex/beamer/beamerbas
everbatim.sty
\beamer@verbatimfileout=\write4
)
(/Users/georgianaanderson/Library/TinyTeX/texmf-dist/tex/latex/beamer/beamerbas
eframesize.sty
\beamer@splitbox=\box44
\beamer@autobreakcount=\count140
\beamer@autobreaklastheight=\dimen169
\beamer@frametitletoks=\toks28
\beamer@framesubtitletoks=\toks29
)
(/Users/georgianaanderson/Library/TinyTeX/texmf-dist/tex/latex/beamer/beamerbas
eframecomponents.sty
\beamer@footins=\box45
)
(/Users/georgianaanderson/Library/TinyTeX/texmf-dist/tex/latex/beamer/beamerbas
ecolor.sty)
(/Users/georgianaanderson/Library/TinyTeX/texmf-dist/tex/latex/beamer/beamerbas
enotes.sty
\beamer@frameboxcopy=\box46
)
(/Users/georgianaanderson/Library/TinyTeX/texmf-dist/tex/latex/beamer/beamerbas
etoc.sty)
(/Users/georgianaanderson/Library/TinyTeX/texmf-dist/tex/latex/beamer/beamerbas
etemplates.sty
\beamer@sbttoks=\toks30

(/Users/georgianaanderson/Library/TinyTeX/texmf-dist/tex/latex/beamer/beamerbas
eauxtemplates.sty
(/Users/georgianaanderson/Library/TinyTeX/texmf-dist/tex/latex/beamer/beamerbas
eboxes.sty
\bmb@box=\box47
\bmb@colorbox=\box48
\bmb@boxshadow=\box49
\bmb@boxshadowball=\box50
\bmb@boxshadowballlarge=\box51
\bmb@temp=\dimen170
\bmb@dima=\dimen171
\bmb@dimb=\dimen172
\bmb@prevheight=\dimen173
)
\beamer@blockheadheight=\dimen174
))
(/Users/georgianaanderson/Library/TinyTeX/texmf-dist/tex/latex/beamer/beamerbas
elocalstructure.sty
(/Users/georgianaanderson/Library/TinyTeX/texmf-dist/tex/latex/tools/enumerate.
sty
Package: enumerate 2015/07/23 v3.00 enumerate extensions (DPC)
\@enLab=\toks31
)
\c@figure=\count141
\c@table=\count142
\abovecaptionskip=\skip49
\belowcaptionskip=\skip50
)
(/Users/georgianaanderson/Library/TinyTeX/texmf-dist/tex/latex/beamer/beamerbas
enavigation.sty
\beamer@section@min@dim=\dimen175
)
(/Users/georgianaanderson/Library/TinyTeX/texmf-dist/tex/latex/beamer/beamerbas
etheorems.sty
(/Users/georgianaanderson/Library/TinyTeX/texmf-dist/tex/latex/amsmath/amsmath.
sty
Package: amsmath 2018/12/01 v2.17b AMS math features
\@mathmargin=\skip51
For additional information on amsmath, use the `?' option.

(/Users/georgianaanderson/Library/TinyTeX/texmf-dist/tex/latex/amsmath/amstext.
sty
Package: amstext 2000/06/29 v2.01 AMS text

(/Users/georgianaanderson/Library/TinyTeX/texmf-dist/tex/latex/amsmath/amsgen.s
ty
File: amsgen.sty 1999/11/30 v2.0 generic functions
\@emptytoks=\toks32
\ex@=\dimen176
))
(/Users/georgianaanderson/Library/TinyTeX/texmf-dist/tex/latex/amsmath/amsbsy.s
ty
Package: amsbsy 1999/11/29 v1.2d Bold Symbols
\pmbraise@=\dimen177
)
(/Users/georgianaanderson/Library/TinyTeX/texmf-dist/tex/latex/amsmath/amsopn.s
ty
Package: amsopn 2016/03/08 v2.02 operator names
)
\inf@bad=\count143
LaTeX Info: Redefining \frac on input line 223.
\uproot@=\count144
\leftroot@=\count145
LaTeX Info: Redefining \overline on input line 385.
\classnum@=\count146
\DOTSCASE@=\count147
LaTeX Info: Redefining \ldots on input line 482.
LaTeX Info: Redefining \dots on input line 485.
LaTeX Info: Redefining \cdots on input line 606.
\Mathstrutbox@=\box52
\strutbox@=\box53
\big@size=\dimen178
LaTeX Font Info:    Redeclaring font encoding OML on input line 729.
LaTeX Font Info:    Redeclaring font encoding OMS on input line 730.
\macc@depth=\count148
\c@MaxMatrixCols=\count149
\dotsspace@=\muskip11
\c@parentequation=\count150
\dspbrk@lvl=\count151
\tag@help=\toks33
\row@=\count152
\column@=\count153
\maxfields@=\count154
\andhelp@=\toks34
\eqnshift@=\dimen179
\alignsep@=\dimen180
\tagshift@=\dimen181
\tagwidth@=\dimen182
\totwidth@=\dimen183
\lineht@=\dimen184
\@envbody=\toks35
\multlinegap=\skip52
\multlinetaggap=\skip53
\mathdisplay@stack=\toks36
LaTeX Info: Redefining \[ on input line 2844.
LaTeX Info: Redefining \] on input line 2845.
)
(/Users/georgianaanderson/Library/TinyTeX/texmf-dist/tex/latex/amscls/amsthm.st
y
Package: amsthm 2017/10/31 v2.20.4
\thm@style=\toks37
\thm@bodyfont=\toks38
\thm@headfont=\toks39
\thm@notefont=\toks40
\thm@headpunct=\toks41
\thm@preskip=\skip54
\thm@postskip=\skip55
\thm@headsep=\skip56
\dth@everypar=\toks42
)
\c@theorem=\count155
)
(/Users/georgianaanderson/Library/TinyTeX/texmf-dist/tex/latex/beamer/beamerbas
ethemes.sty))
(/Users/georgianaanderson/Library/TinyTeX/texmf-dist/tex/latex/beamer/beamerthe
medefault.sty
(/Users/georgianaanderson/Library/TinyTeX/texmf-dist/tex/latex/beamer/beamerfon
tthemedefault.sty)
(/Users/georgianaanderson/Library/TinyTeX/texmf-dist/tex/latex/beamer/beamercol
orthemedefault.sty)
(/Users/georgianaanderson/Library/TinyTeX/texmf-dist/tex/latex/beamer/beamerinn
erthemedefault.sty
\beamer@dima=\dimen185
\beamer@dimb=\dimen186
)
(/Users/georgianaanderson/Library/TinyTeX/texmf-dist/tex/latex/beamer/beamerout
erthemedefault.sty)))
(/Users/georgianaanderson/Library/TinyTeX/texmf-dist/tex/latex/pgf/utilities/pg
fpages.sty
Package: pgfpages 2011/01/05 ver 0.02
(/Users/georgianaanderson/Library/TinyTeX/texmf-dist/tex/latex/tools/calc.sty
Package: calc 2017/05/25 v4.3 Infix arithmetic (KKT,FJ)
\calc@Acount=\count156
\calc@Bcount=\count157
\calc@Adimen=\dimen187
\calc@Bdimen=\dimen188
\calc@Askip=\skip57
\calc@Bskip=\skip58
LaTeX Info: Redefining \setlength on input line 80.
LaTeX Info: Redefining \addtolength on input line 81.
\calc@Ccount=\count158
\calc@Cskip=\skip59
)
\pgf@logicalpages=\count159
\pgf@firstshipout=\count160
\pgf@lastshipout=\count161
\pgf@currentshipout=\count162
\pgf@cpn=\count163
\pgf@shipoutnextto=\count164
\pgfphysicalheight=\dimen189
\pgfphysicalwidth=\dimen190
\pgfpages@shipoutbox=\box54
) (/Users/georgianaanderson/Library/TinyTeX/texmf-dist/tex/latex/lm/lmodern.sty
Package: lmodern 2009/10/30 v1.6 Latin Modern Fonts
LaTeX Font Info:    Overwriting symbol font `operators' in version `normal'
(Font)                  OT1/cmr/m/n --> OT1/lmr/m/n on input line 22.
LaTeX Font Info:    Overwriting symbol font `letters' in version `normal'
(Font)                  OML/cmm/m/it --> OML/lmm/m/it on input line 23.
LaTeX Font Info:    Overwriting symbol font `symbols' in version `normal'
(Font)                  OMS/cmsy/m/n --> OMS/lmsy/m/n on input line 24.
LaTeX Font Info:    Overwriting symbol font `largesymbols' in version `normal'
(Font)                  OMX/cmex/m/n --> OMX/lmex/m/n on input line 25.
LaTeX Font Info:    Overwriting symbol font `operators' in version `bold'
(Font)                  OT1/cmr/bx/n --> OT1/lmr/bx/n on input line 26.
LaTeX Font Info:    Overwriting symbol font `letters' in version `bold'
(Font)                  OML/cmm/b/it --> OML/lmm/b/it on input line 27.
LaTeX Font Info:    Overwriting symbol font `symbols' in version `bold'
(Font)                  OMS/cmsy/b/n --> OMS/lmsy/b/n on input line 28.
LaTeX Font Info:    Overwriting symbol font `largesymbols' in version `bold'
(Font)                  OMX/cmex/m/n --> OMX/lmex/m/n on input line 29.
LaTeX Font Info:    Overwriting math alphabet `\mathbf' in version `normal'
(Font)                  OT1/cmr/bx/n --> OT1/lmr/bx/n on input line 31.
LaTeX Font Info:    Overwriting math alphabet `\mathsf' in version `normal'
(Font)                  OT1/cmss/m/n --> OT1/lmss/m/n on input line 32.
LaTeX Font Info:    Overwriting math alphabet `\mathit' in version `normal'
(Font)                  OT1/cmr/m/it --> OT1/lmr/m/it on input line 33.
LaTeX Font Info:    Overwriting math alphabet `\mathtt' in version `normal'
(Font)                  OT1/cmtt/m/n --> OT1/lmtt/m/n on input line 34.
LaTeX Font Info:    Overwriting math alphabet `\mathbf' in version `bold'
(Font)                  OT1/cmr/bx/n --> OT1/lmr/bx/n on input line 35.
LaTeX Font Info:    Overwriting math alphabet `\mathsf' in version `bold'
(Font)                  OT1/cmss/bx/n --> OT1/lmss/bx/n on input line 36.
LaTeX Font Info:    Overwriting math alphabet `\mathit' in version `bold'
(Font)                  OT1/cmr/bx/it --> OT1/lmr/bx/it on input line 37.
LaTeX Font Info:    Overwriting math alphabet `\mathtt' in version `bold'
(Font)                  OT1/cmtt/m/n --> OT1/lmtt/m/n on input line 38.
)
(/Users/georgianaanderson/Library/TinyTeX/texmf-dist/tex/latex/base/fontenc.sty
Package: fontenc 2018/08/11 v2.0j Standard LaTeX package
(/Users/georgianaanderson/Library/TinyTeX/texmf-dist/tex/latex/base/t1enc.def
File: t1enc.def 2018/08/11 v2.0j Standard LaTeX file
LaTeX Font Info:    Redeclaring font encoding T1 on input line 48.
))
(/Users/georgianaanderson/Library/TinyTeX/texmf-dist/tex/latex/base/inputenc.st
y
Package: inputenc 2018/08/11 v1.3c Input encoding file
\inpenc@prehook=\toks43
\inpenc@posthook=\toks44
)
(/Users/georgianaanderson/Library/TinyTeX/texmf-dist/tex/latex/base/textcomp.st
y
Package: textcomp 2018/08/11 v2.0j Standard LaTeX package
Package textcomp Info: Sub-encoding information:
(textcomp)               5 = only ISO-Adobe without \textcurrency
(textcomp)               4 = 5 + \texteuro
(textcomp)               3 = 4 + \textohm
(textcomp)               2 = 3 + \textestimated + \textcurrency
(textcomp)               1 = TS1 - \textcircled - \t
(textcomp)               0 = TS1 (full)
(textcomp)             Font families with sub-encoding setting implement
(textcomp)             only a restricted character set as indicated.
(textcomp)             Family '?' is the default used for unknown fonts.
(textcomp)             See the documentation for details.
Package textcomp Info: Setting ? sub-encoding to TS1/1 on input line 79.
(/Users/georgianaanderson/Library/TinyTeX/texmf-dist/tex/latex/base/ts1enc.def
File: ts1enc.def 2001/06/05 v3.0e (jk/car/fm) Standard LaTeX file
Now handling font encoding TS1 ...
... processing UTF-8 mapping file for font encoding TS1
(/Users/georgianaanderson/Library/TinyTeX/texmf-dist/tex/latex/base/ts1enc.dfu
File: ts1enc.dfu 2018/10/05 v1.2f UTF-8 support for inputenc
   defining Unicode char U+00A2 (decimal 162)
   defining Unicode char U+00A3 (decimal 163)
   defining Unicode char U+00A4 (decimal 164)
   defining Unicode char U+00A5 (decimal 165)
   defining Unicode char U+00A6 (decimal 166)
   defining Unicode char U+00A7 (decimal 167)
   defining Unicode char U+00A8 (decimal 168)
   defining Unicode char U+00A9 (decimal 169)
   defining Unicode char U+00AA (decimal 170)
   defining Unicode char U+00AC (decimal 172)
   defining Unicode char U+00AE (decimal 174)
   defining Unicode char U+00AF (decimal 175)
   defining Unicode char U+00B0 (decimal 176)
   defining Unicode char U+00B1 (decimal 177)
   defining Unicode char U+00B2 (decimal 178)
   defining Unicode char U+00B3 (decimal 179)
   defining Unicode char U+00B4 (decimal 180)
   defining Unicode char U+00B5 (decimal 181)
   defining Unicode char U+00B6 (decimal 182)
   defining Unicode char U+00B7 (decimal 183)
   defining Unicode char U+00B9 (decimal 185)
   defining Unicode char U+00BA (decimal 186)
   defining Unicode char U+00BC (decimal 188)
   defining Unicode char U+00BD (decimal 189)
   defining Unicode char U+00BE (decimal 190)
   defining Unicode char U+00D7 (decimal 215)
   defining Unicode char U+00F7 (decimal 247)
   defining Unicode char U+0192 (decimal 402)
   defining Unicode char U+02C7 (decimal 711)
   defining Unicode char U+02D8 (decimal 728)
   defining Unicode char U+02DD (decimal 733)
   defining Unicode char U+0E3F (decimal 3647)
   defining Unicode char U+2016 (decimal 8214)
   defining Unicode char U+2020 (decimal 8224)
   defining Unicode char U+2021 (decimal 8225)
   defining Unicode char U+2022 (decimal 8226)
   defining Unicode char U+2030 (decimal 8240)
   defining Unicode char U+2031 (decimal 8241)
   defining Unicode char U+203B (decimal 8251)
   defining Unicode char U+203D (decimal 8253)
   defining Unicode char U+2044 (decimal 8260)
   defining Unicode char U+204E (decimal 8270)
   defining Unicode char U+2052 (decimal 8274)
   defining Unicode char U+20A1 (decimal 8353)
   defining Unicode char U+20A4 (decimal 8356)
   defining Unicode char U+20A6 (decimal 8358)
   defining Unicode char U+20A9 (decimal 8361)
   defining Unicode char U+20AB (decimal 8363)
   defining Unicode char U+20AC (decimal 8364)
   defining Unicode char U+20B1 (decimal 8369)
   defining Unicode char U+2103 (decimal 8451)
   defining Unicode char U+2116 (decimal 8470)
   defining Unicode char U+2117 (decimal 8471)
   defining Unicode char U+211E (decimal 8478)
   defining Unicode char U+2120 (decimal 8480)
   defining Unicode char U+2122 (decimal 8482)
   defining Unicode char U+2126 (decimal 8486)
   defining Unicode char U+2127 (decimal 8487)
   defining Unicode char U+212E (decimal 8494)
   defining Unicode char U+2190 (decimal 8592)
   defining Unicode char U+2191 (decimal 8593)
   defining Unicode char U+2192 (decimal 8594)
   defining Unicode char U+2193 (decimal 8595)
   defining Unicode char U+2329 (decimal 9001)
   defining Unicode char U+232A (decimal 9002)
   defining Unicode char U+2422 (decimal 9250)
   defining Unicode char U+25E6 (decimal 9702)
   defining Unicode char U+25EF (decimal 9711)
   defining Unicode char U+266A (decimal 9834)
   defining Unicode char U+FEFF (decimal 65279)
))
LaTeX Info: Redefining \oldstylenums on input line 334.
Package textcomp Info: Setting cmr sub-encoding to TS1/0 on input line 349.
Package textcomp Info: Setting cmss sub-encoding to TS1/0 on input line 350.
Package textcomp Info: Setting cmtt sub-encoding to TS1/0 on input line 351.
Package textcomp Info: Setting cmvtt sub-encoding to TS1/0 on input line 352.
Package textcomp Info: Setting cmbr sub-encoding to TS1/0 on input line 353.
Package textcomp Info: Setting cmtl sub-encoding to TS1/0 on input line 354.
Package textcomp Info: Setting ccr sub-encoding to TS1/0 on input line 355.
Package textcomp Info: Setting ptm sub-encoding to TS1/4 on input line 356.
Package textcomp Info: Setting pcr sub-encoding to TS1/4 on input line 357.
Package textcomp Info: Setting phv sub-encoding to TS1/4 on input line 358.
Package textcomp Info: Setting ppl sub-encoding to TS1/3 on input line 359.
Package textcomp Info: Setting pag sub-encoding to TS1/4 on input line 360.
Package textcomp Info: Setting pbk sub-encoding to TS1/4 on input line 361.
Package textcomp Info: Setting pnc sub-encoding to TS1/4 on input line 362.
Package textcomp Info: Setting pzc sub-encoding to TS1/4 on input line 363.
Package textcomp Info: Setting bch sub-encoding to TS1/4 on input line 364.
Package textcomp Info: Setting put sub-encoding to TS1/5 on input line 365.
Package textcomp Info: Setting uag sub-encoding to TS1/5 on input line 366.
Package textcomp Info: Setting ugq sub-encoding to TS1/5 on input line 367.
Package textcomp Info: Setting ul8 sub-encoding to TS1/4 on input line 368.
Package textcomp Info: Setting ul9 sub-encoding to TS1/4 on input line 369.
Package textcomp Info: Setting augie sub-encoding to TS1/5 on input line 370.
Package textcomp Info: Setting dayrom sub-encoding to TS1/3 on input line 371.
Package textcomp Info: Setting dayroms sub-encoding to TS1/3 on input line 372.

Package textcomp Info: Setting pxr sub-encoding to TS1/0 on input line 373.
Package textcomp Info: Setting pxss sub-encoding to TS1/0 on input line 374.
Package textcomp Info: Setting pxtt sub-encoding to TS1/0 on input line 375.
Package textcomp Info: Setting txr sub-encoding to TS1/0 on input line 376.
Package textcomp Info: Setting txss sub-encoding to TS1/0 on input line 377.
Package textcomp Info: Setting txtt sub-encoding to TS1/0 on input line 378.
Package textcomp Info: Setting lmr sub-encoding to TS1/0 on input line 379.
Package textcomp Info: Setting lmdh sub-encoding to TS1/0 on input line 380.
Package textcomp Info: Setting lmss sub-encoding to TS1/0 on input line 381.
Package textcomp Info: Setting lmssq sub-encoding to TS1/0 on input line 382.
Package textcomp Info: Setting lmvtt sub-encoding to TS1/0 on input line 383.
Package textcomp Info: Setting lmtt sub-encoding to TS1/0 on input line 384.
Package textcomp Info: Setting qhv sub-encoding to TS1/0 on input line 385.
Package textcomp Info: Setting qag sub-encoding to TS1/0 on input line 386.
Package textcomp Info: Setting qbk sub-encoding to TS1/0 on input line 387.
Package textcomp Info: Setting qcr sub-encoding to TS1/0 on input line 388.
Package textcomp Info: Setting qcs sub-encoding to TS1/0 on input line 389.
Package textcomp Info: Setting qpl sub-encoding to TS1/0 on input line 390.
Package textcomp Info: Setting qtm sub-encoding to TS1/0 on input line 391.
Package textcomp Info: Setting qzc sub-encoding to TS1/0 on input line 392.
Package textcomp Info: Setting qhvc sub-encoding to TS1/0 on input line 393.
Package textcomp Info: Setting futs sub-encoding to TS1/4 on input line 394.
Package textcomp Info: Setting futx sub-encoding to TS1/4 on input line 395.
Package textcomp Info: Setting futj sub-encoding to TS1/4 on input line 396.
Package textcomp Info: Setting hlh sub-encoding to TS1/3 on input line 397.
Package textcomp Info: Setting hls sub-encoding to TS1/3 on input line 398.
Package textcomp Info: Setting hlst sub-encoding to TS1/3 on input line 399.
Package textcomp Info: Setting hlct sub-encoding to TS1/5 on input line 400.
Package textcomp Info: Setting hlx sub-encoding to TS1/5 on input line 401.
Package textcomp Info: Setting hlce sub-encoding to TS1/5 on input line 402.
Package textcomp Info: Setting hlcn sub-encoding to TS1/5 on input line 403.
Package textcomp Info: Setting hlcw sub-encoding to TS1/5 on input line 404.
Package textcomp Info: Setting hlcf sub-encoding to TS1/5 on input line 405.
Package textcomp Info: Setting pplx sub-encoding to TS1/3 on input line 406.
Package textcomp Info: Setting pplj sub-encoding to TS1/3 on input line 407.
Package textcomp Info: Setting ptmx sub-encoding to TS1/4 on input line 408.
Package textcomp Info: Setting ptmj sub-encoding to TS1/4 on input line 409.
)
(/Users/georgianaanderson/Library/TinyTeX/texmf-dist/tex/latex/upquote/upquote.
sty
Package: upquote 2012/04/19 v1.3 upright-quote and grave-accent glyphs in verba
tim
)
(/Users/georgianaanderson/Library/TinyTeX/texmf-dist/tex/latex/oberdiek/bookmar
k.sty
Package: bookmark 2016/05/17 v1.26 PDF bookmarks (HO)

(/Users/georgianaanderson/Library/TinyTeX/texmf-dist/tex/latex/oberdiek/bkm-pdf
tex.def
File: bkm-pdftex.def 2016/05/17 v1.26 bookmark driver for pdfTeX (HO)
\BKM@id=\count165
))
Package hyperref Info: Option `breaklinks' set `true' on input line 79.

(/Users/georgianaanderson/Library/TinyTeX/texmf-dist/tex/latex/fancyvrb/fancyvr
b.sty
Package: fancyvrb 2019/01/15
Style option: `fancyvrb' v3.2a <2019/01/15> (tvz)
\FV@CodeLineNo=\count166
\FV@InFile=\read2
\FV@TabBox=\box55
\c@FancyVerbLine=\count167
\FV@StepNumber=\count168
\FV@OutFile=\write5
)
(/Users/georgianaanderson/Library/TinyTeX/texmf-dist/tex/latex/framed/framed.st
y
Package: framed 2011/10/22 v 0.96: framed or shaded text with page breaks
\OuterFrameSep=\skip60
\fb@frw=\dimen191
\fb@frh=\dimen192
\FrameRule=\dimen193
\FrameSep=\dimen194
)
(/Users/georgianaanderson/Library/TinyTeX/texmf-dist/tex/latex/booktabs/booktab
s.sty
Package: booktabs 2016/04/27 v1.618033 publication quality tables
\heavyrulewidth=\dimen195
\lightrulewidth=\dimen196
\cmidrulewidth=\dimen197
\belowrulesep=\dimen198
\belowbottomsep=\dimen199
\aboverulesep=\dimen256
\abovetopsep=\dimen257
\cmidrulesep=\dimen258
\cmidrulekern=\dimen259
\defaultaddspace=\dimen260
\@cmidla=\count169
\@cmidlb=\count170
\@aboverulesep=\dimen261
\@belowrulesep=\dimen262
\@thisruleclass=\count171
\@lastruleclass=\count172
\@thisrulewidth=\dimen263
) (/Users/georgianaanderson/Library/TinyTeX/texmf-dist/tex/latex/tools/array.st
y
Package: array 2018/12/30 v2.4k Tabular extension package (FMi)
\col@sep=\dimen264
\ar@mcellbox=\box56
\extrarowheight=\dimen265
\NC@list=\toks45
\extratabsurround=\skip61
\backup@length=\skip62
\ar@cellbox=\box57
)
(/Users/georgianaanderson/Library/TinyTeX/texmf-dist/tex/latex/colortbl/colortb
l.sty
Package: colortbl 2018/12/12 v1.0d Color table columns (DPC)
\everycr=\toks46
\minrowclearance=\skip63
)
(/Users/georgianaanderson/Library/TinyTeX/texmf-dist/tex/generic/babel/babel.st
y
Package: babel 2018/11/13 3.27 The Babel package

(/Users/georgianaanderson/Library/TinyTeX/texmf-dist/tex/generic/babel/switch.d
ef
File: switch.def 2018/11/13 3.27 Babel switching mechanism
)
(/Users/georgianaanderson/Library/TinyTeX/texmf-dist/tex/generic/babel-english/
british.ldf
Language: british 2017/06/06 v3.3r English support from the babel system

(/Users/georgianaanderson/Library/TinyTeX/texmf-dist/tex/generic/babel-english/
english.ldf
Language: english 2017/06/06 v3.3r English support from the babel system

(/Users/georgianaanderson/Library/TinyTeX/texmf-dist/tex/generic/babel/babel.de
f
File: babel.def 2018/11/13 3.27 Babel common definitions
\babel@savecnt=\count173
\U@D=\dimen266

(/Users/georgianaanderson/Library/TinyTeX/texmf-dist/tex/generic/babel/txtbabel
.def)
LaTeX Info: Redefining \textlatin on input line 2003.
\bbl@dirlevel=\count174
)
\l@british = a dialect from \language\l@english 
\l@UKenglish = a dialect from \language\l@english 
\l@canadian = a dialect from \language\l@american 
\l@australian = a dialect from \language\l@british 
\l@newzealand = a dialect from \language\l@british 
)))
(/Users/georgianaanderson/Library/TinyTeX/texmf-dist/tex/latex/fontawesome/font
awesome.sty
Package: fontawesome 2016/05/15 v4.6.3.1 font awesome icons

(/Users/georgianaanderson/Library/TinyTeX/texmf-dist/tex/latex/fontawesome/font
awesomesymbols-generic.tex)
(/Users/georgianaanderson/Library/TinyTeX/texmf-dist/tex/latex/fontawesome/font
awesomesymbols-pdftex.tex))
(/Users/georgianaanderson/Library/TinyTeX/texmf-dist/tex/latex/adjustbox/adjust
box.sty
Package: adjustbox 2019/01/04 v1.2 Adjusting TeX boxes (trim, clip, ...)

(/Users/georgianaanderson/Library/TinyTeX/texmf-dist/tex/latex/xkeyval/xkeyval.
sty
Package: xkeyval 2014/12/03 v2.7a package option processing (HA)

(/Users/georgianaanderson/Library/TinyTeX/texmf-dist/tex/generic/xkeyval/xkeyva
l.tex
(/Users/georgianaanderson/Library/TinyTeX/texmf-dist/tex/generic/xkeyval/xkvuti
ls.tex
\XKV@toks=\toks47
\XKV@tempa@toks=\toks48
)
\XKV@depth=\count175
File: xkeyval.tex 2014/12/03 v2.7a key=value parser (HA)
))
(/Users/georgianaanderson/Library/TinyTeX/texmf-dist/tex/latex/adjustbox/adjcal
c.sty
Package: adjcalc 2012/05/16 v1.1 Provides advanced setlength with multiple back
-ends (calc, etex, pgfmath)
)
(/Users/georgianaanderson/Library/TinyTeX/texmf-dist/tex/latex/adjustbox/trimcl
ip.sty
Package: trimclip 2018/04/08 v1.1 Trim and clip general TeX material

(/Users/georgianaanderson/Library/TinyTeX/texmf-dist/tex/latex/collectbox/colle
ctbox.sty
Package: collectbox 2012/05/17 v0.4b Collect macro arguments as boxes
\collectedbox=\box58
)
\tc@llx=\dimen267
\tc@lly=\dimen268
\tc@urx=\dimen269
\tc@ury=\dimen270
Package trimclip Info: Using driver 'tc-pdftex.def'.

(/Users/georgianaanderson/Library/TinyTeX/texmf-dist/tex/latex/adjustbox/tc-pdf
tex.def
File: tc-pdftex.def 2019/01/04 v2.2 Clipping driver for pdftex
))
\adjbox@Width=\dimen271
\adjbox@Height=\dimen272
\adjbox@Depth=\dimen273
\adjbox@Totalheight=\dimen274
\adjbox@pwidth=\dimen275
\adjbox@pheight=\dimen276
\adjbox@pdepth=\dimen277
\adjbox@ptotalheight=\dimen278
)
Package hyperref Info: Option `colorlinks' set `true' on input line 140.

(/Users/georgianaanderson/Library/TinyTeX/texmf-dist/tex/latex/beamertheme-metr
opolis/beamerthememetropolis.sty
Package: beamerthememetropolis 2017/01/23 v1.2 Metropolis Beamer theme

(/Users/georgianaanderson/Library/TinyTeX/texmf-dist/tex/latex/pgfopts/pgfopts.
sty
Package: pgfopts 2014/07/10 v2.1a LaTeX package options with pgfkeys

(/Users/georgianaanderson/Library/TinyTeX/texmf-dist/tex/latex/pgf/utilities/pg
fkeys.sty
(/Users/georgianaanderson/Library/TinyTeX/texmf-dist/tex/generic/pgf/utilities/
pgfkeys.code.tex))
\pgfopts@list@add@a@toks=\toks49
\pgfopts@list@add@b@toks=\toks50
)
(/Users/georgianaanderson/Library/TinyTeX/texmf-dist/tex/latex/beamertheme-metr
opolis/beamerinnerthememetropolis.sty
Package: beamerinnerthememetropolis 2017/01/23 Metropolis inner theme

(/Users/georgianaanderson/Library/TinyTeX/texmf-dist/tex/latex/pgf/frontendlaye
r/tikz.sty
(/Users/georgianaanderson/Library/TinyTeX/texmf-dist/tex/latex/pgf/basiclayer/p
gf.sty
Package: pgf 2019/02/02 v3.1.1 (3.1.1)

(/Users/georgianaanderson/Library/TinyTeX/texmf-dist/tex/generic/pgf/modules/pg
fmoduleshapes.code.tex
File: pgfmoduleshapes.code.tex 2019/02/02 v3.1.1 (3.1.1)
\pgfnodeparttextbox=\box59
)
(/Users/georgianaanderson/Library/TinyTeX/texmf-dist/tex/generic/pgf/modules/pg
fmoduleplot.code.tex
File: pgfmoduleplot.code.tex 2019/02/02 v3.1.1 (3.1.1)
)
(/Users/georgianaanderson/Library/TinyTeX/texmf-dist/tex/latex/pgf/compatibilit
y/pgfcomp-version-0-65.sty
Package: pgfcomp-version-0-65 2019/02/02 v3.1.1 (3.1.1)
\pgf@nodesepstart=\dimen279
\pgf@nodesepend=\dimen280
)
(/Users/georgianaanderson/Library/TinyTeX/texmf-dist/tex/latex/pgf/compatibilit
y/pgfcomp-version-1-18.sty
Package: pgfcomp-version-1-18 2019/02/02 v3.1.1 (3.1.1)
))
(/Users/georgianaanderson/Library/TinyTeX/texmf-dist/tex/latex/pgf/utilities/pg
ffor.sty
(/Users/georgianaanderson/Library/TinyTeX/texmf-dist/tex/latex/pgf/math/pgfmath
.sty
(/Users/georgianaanderson/Library/TinyTeX/texmf-dist/tex/generic/pgf/math/pgfma
th.code.tex))
(/Users/georgianaanderson/Library/TinyTeX/texmf-dist/tex/generic/pgf/utilities/
pgffor.code.tex
Package: pgffor 2019/02/02 v3.1.1 (3.1.1)

(/Users/georgianaanderson/Library/TinyTeX/texmf-dist/tex/generic/pgf/math/pgfma
th.code.tex)
\pgffor@iter=\dimen281
\pgffor@skip=\dimen282
\pgffor@stack=\toks51
\pgffor@toks=\toks52
))
(/Users/georgianaanderson/Library/TinyTeX/texmf-dist/tex/generic/pgf/frontendla
yer/tikz/tikz.code.tex
Package: tikz 2019/02/02 v3.1.1 (3.1.1)

(/Users/georgianaanderson/Library/TinyTeX/texmf-dist/tex/generic/pgf/libraries/
pgflibraryplothandlers.code.tex
File: pgflibraryplothandlers.code.tex 2019/02/02 v3.1.1 (3.1.1)
\pgf@plot@mark@count=\count176
\pgfplotmarksize=\dimen283
)
\tikz@lastx=\dimen284
\tikz@lasty=\dimen285
\tikz@lastxsaved=\dimen286
\tikz@lastysaved=\dimen287
\tikzleveldistance=\dimen288
\tikzsiblingdistance=\dimen289
\tikz@figbox=\box60
\tikz@figbox@bg=\box61
\tikz@tempbox=\box62
\tikz@tempbox@bg=\box63
\tikztreelevel=\count177
\tikznumberofchildren=\count178
\tikznumberofcurrentchild=\count179
\tikz@fig@count=\count180

(/Users/georgianaanderson/Library/TinyTeX/texmf-dist/tex/generic/pgf/modules/pg
fmodulematrix.code.tex
File: pgfmodulematrix.code.tex 2019/02/02 v3.1.1 (3.1.1)
\pgfmatrixcurrentrow=\count181
\pgfmatrixcurrentcolumn=\count182
\pgf@matrix@numberofcolumns=\count183
)
\tikz@expandcount=\count184

(/Users/georgianaanderson/Library/TinyTeX/texmf-dist/tex/generic/pgf/frontendla
yer/tikz/libraries/tikzlibrarytopaths.code.tex
File: tikzlibrarytopaths.code.tex 2019/02/02 v3.1.1 (3.1.1)
)))
\metropolis@titleseparator@linewidth=\skip64
\metropolis@progressonsectionpage=\skip65
\metropolis@progressonsectionpage@linewidth=\skip66
\metropolis@blocksep=\skip67
\metropolis@blockadjust=\skip68
\metropolis@parskip=\skip69
)
(/Users/georgianaanderson/Library/TinyTeX/texmf-dist/tex/latex/beamertheme-metr
opolis/beamerouterthememetropolis.sty
Package: beamerouterthememetropolis 2017/01/23 Metropolis outer theme
\metropolis@frametitle@padding=\skip70
\metropolis@progressinheadfoot=\skip71
\metropolis@progressinheadfoot@linewidth=\skip72
)
(/Users/georgianaanderson/Library/TinyTeX/texmf-dist/tex/latex/beamertheme-metr
opolis/beamercolorthememetropolis.sty
Package: beamercolorthememetropolis 2017/01/23 Metropolis color theme
)
(/Users/georgianaanderson/Library/TinyTeX/texmf-dist/tex/latex/beamertheme-metr
opolis/beamerfontthememetropolis.sty
Package: beamerfontthememetropolis 2017/01/23 Metropolis font theme

Package beamerthememetropolis Warning: You need to compile with XeLaTeX or LuaL
aTeX to use the Fira fonts on input line 95.

))

Package hyperref Warning: Token not allowed in a PDF string (Unicode):
(hyperref)                removing `\\' on input line 152.


Package hyperref Warning: Token not allowed in a PDF string (Unicode):
(hyperref)                removing `\char' on input line 152.


Package hyperref Warning: Token not allowed in a PDF string (Unicode):
(hyperref)                removing `\begingroup' on input line 152.


Package hyperref Warning: Token not allowed in a PDF string (Unicode):
(hyperref)                removing `\catcode' on input line 152.


Package hyperref Warning: Token not allowed in a PDF string (Unicode):
(hyperref)                removing `\active' on input line 152.


Package hyperref Warning: Token not allowed in a PDF string (Unicode):
(hyperref)                removing `\<def>-command' on input line 152.


Package hyperref Warning: Token not allowed in a PDF string (Unicode):
(hyperref)                removing `\csname\endcsname' on input line 152.


Package hyperref Warning: Token not allowed in a PDF string (Unicode):
(hyperref)                removing `\catcode' on input line 152.


Package hyperref Warning: Token not allowed in a PDF string (Unicode):
(hyperref)                removing `\active' on input line 152.


Package hyperref Warning: Token not allowed in a PDF string (Unicode):
(hyperref)                removing `\<let>-command' on input line 152.


Package hyperref Warning: Token not allowed in a PDF string (Unicode):
(hyperref)                removing `\csname\endcsname' on input line 152.


Package hyperref Warning: Token not allowed in a PDF string (Unicode):
(hyperref)                removing `\<let>-command' on input line 152.


Package hyperref Warning: Token not allowed in a PDF string (Unicode):
(hyperref)                removing `\%' on input line 152.


Package hyperref Warning: Token not allowed in a PDF string (Unicode):
(hyperref)                removing `\catcode' on input line 152.


Package hyperref Warning: Token not allowed in a PDF string (Unicode):
(hyperref)                removing `\active' on input line 152.


Package hyperref Warning: Token not allowed in a PDF string (Unicode):
(hyperref)                removing `\<def>-command' on input line 152.


Package hyperref Warning: Token not allowed in a PDF string (Unicode):
(hyperref)                removing `\csname\endcsname' on input line 152.


Package hyperref Warning: Token not allowed in a PDF string (Unicode):
(hyperref)                removing `\<def>-command' on input line 152.


Package hyperref Warning: Token not allowed in a PDF string (Unicode):
(hyperref)                removing `\#' on input line 152.


Package hyperref Warning: Token not allowed in a PDF string (Unicode):
(hyperref)                removing `\catcode' on input line 152.


Package hyperref Warning: Token not allowed in a PDF string (Unicode):
(hyperref)                removing `\<def>-command' on input line 152.


Package hyperref Warning: Token not allowed in a PDF string (Unicode):
(hyperref)                removing `\csname\endcsname' on input line 152.


Package hyperref Warning: Token not allowed in a PDF string (Unicode):
(hyperref)                removing `\<def>-command' on input line 152.


Package hyperref Warning: Token not allowed in a PDF string (Unicode):
(hyperref)                removing `\&' on input line 152.


Package hyperref Warning: Token not allowed in a PDF string (Unicode):
(hyperref)                removing `\<def>-command' on input line 152.


Package hyperref Warning: Token not allowed in a PDF string (Unicode):
(hyperref)                removing `\textunderscore' on input line 152.


Package hyperref Warning: Token not allowed in a PDF string (Unicode):
(hyperref)                removing `\<let>-command' on input line 152.


Package hyperref Warning: Token not allowed in a PDF string (Unicode):
(hyperref)                removing `\_' on input line 152.


Package hyperref Warning: Token not allowed in a PDF string (Unicode):
(hyperref)                removing `\catcode' on input line 152.


Package hyperref Warning: Token not allowed in a PDF string (Unicode):
(hyperref)                removing `\active' on input line 152.


Package hyperref Warning: Token not allowed in a PDF string (Unicode):
(hyperref)                removing `\<let>-command' on input line 152.


Package hyperref Warning: Token not allowed in a PDF string (Unicode):
(hyperref)                removing `\csname\endcsname' on input line 152.


Package hyperref Warning: Token not allowed in a PDF string (Unicode):
(hyperref)                removing `\<let>-command' on input line 152.


Package hyperref Warning: Token not allowed in a PDF string (Unicode):
(hyperref)                removing `\csname\endcsname' on input line 152.


Package hyperref Warning: Token not allowed in a PDF string (Unicode):
(hyperref)                removing `\<let>-command' on input line 152.


Package hyperref Warning: Token not allowed in a PDF string (Unicode):
(hyperref)                removing `\~' on input line 152.


Package hyperref Warning: Token not allowed in a PDF string (Unicode):
(hyperref)                removing `\<let>-command' on input line 152.


Package hyperref Warning: Token not allowed in a PDF string (Unicode):
(hyperref)                removing `\textasciitilde' on input line 152.


Package hyperref Warning: Token not allowed in a PDF string (Unicode):
(hyperref)                removing `\<let>-command' on input line 152.


Package hyperref Warning: Token not allowed in a PDF string (Unicode):
(hyperref)                removing `\\' on input line 152.


Package hyperref Warning: Token not allowed in a PDF string (Unicode):
(hyperref)                removing `\<def>-command' on input line 152.


Package hyperref Warning: Token not allowed in a PDF string (Unicode):
(hyperref)                removing `\csname\endcsname' on input line 152.


Package hyperref Warning: Token not allowed in a PDF string (Unicode):
(hyperref)                removing `\<def>-command' on input line 152.


Package hyperref Warning: Token not allowed in a PDF string (Unicode):
(hyperref)                removing `\Hy@tempa' on input line 152.


Package hyperref Warning: Token not allowed in a PDF string (Unicode):
(hyperref)                removing `\<def>-command' on input line 152.


Package hyperref Warning: Token not allowed in a PDF string (Unicode):
(hyperref)                removing `\Hy@tempa' on input line 152.


Package hyperref Warning: Token not allowed in a PDF string (Unicode):
(hyperref)                removing `\\' on input line 152.


Package hyperref Warning: Token not allowed in a PDF string (Unicode):
(hyperref)                removing `\char' on input line 152.


Package hyperref Warning: Token not allowed in a PDF string (Unicode):
(hyperref)                removing `\\' on input line 152.


Package hyperref Warning: Token not allowed in a PDF string (Unicode):
(hyperref)                removing `\char' on input line 152.


Package hyperref Warning: Token not allowed in a PDF string (Unicode):
(hyperref)                removing `\begingroup' on input line 152.


Package hyperref Warning: Token not allowed in a PDF string (Unicode):
(hyperref)                removing `\catcode' on input line 152.


Package hyperref Warning: Token not allowed in a PDF string (Unicode):
(hyperref)                removing `\active' on input line 152.


Package hyperref Warning: Token not allowed in a PDF string (Unicode):
(hyperref)                removing `\<def>-command' on input line 152.


Package hyperref Warning: Token not allowed in a PDF string (Unicode):
(hyperref)                removing `\csname\endcsname' on input line 152.


Package hyperref Warning: Token not allowed in a PDF string (Unicode):
(hyperref)                removing `\catcode' on input line 152.


Package hyperref Warning: Token not allowed in a PDF string (Unicode):
(hyperref)                removing `\active' on input line 152.


Package hyperref Warning: Token not allowed in a PDF string (Unicode):
(hyperref)                removing `\<let>-command' on input line 152.


Package hyperref Warning: Token not allowed in a PDF string (Unicode):
(hyperref)                removing `\csname\endcsname' on input line 152.


Package hyperref Warning: Token not allowed in a PDF string (Unicode):
(hyperref)                removing `\<let>-command' on input line 152.


Package hyperref Warning: Token not allowed in a PDF string (Unicode):
(hyperref)                removing `\%' on input line 152.


Package hyperref Warning: Token not allowed in a PDF string (Unicode):
(hyperref)                removing `\catcode' on input line 152.


Package hyperref Warning: Token not allowed in a PDF string (Unicode):
(hyperref)                removing `\active' on input line 152.


Package hyperref Warning: Token not allowed in a PDF string (Unicode):
(hyperref)                removing `\<def>-command' on input line 152.


Package hyperref Warning: Token not allowed in a PDF string (Unicode):
(hyperref)                removing `\csname\endcsname' on input line 152.


Package hyperref Warning: Token not allowed in a PDF string (Unicode):
(hyperref)                removing `\<def>-command' on input line 152.


Package hyperref Warning: Token not allowed in a PDF string (Unicode):
(hyperref)                removing `\#' on input line 152.


Package hyperref Warning: Token not allowed in a PDF string (Unicode):
(hyperref)                removing `\catcode' on input line 152.


Package hyperref Warning: Token not allowed in a PDF string (Unicode):
(hyperref)                removing `\<def>-command' on input line 152.


Package hyperref Warning: Token not allowed in a PDF string (Unicode):
(hyperref)                removing `\csname\endcsname' on input line 152.


Package hyperref Warning: Token not allowed in a PDF string (Unicode):
(hyperref)                removing `\<def>-command' on input line 152.


Package hyperref Warning: Token not allowed in a PDF string (Unicode):
(hyperref)                removing `\&' on input line 152.


Package hyperref Warning: Token not allowed in a PDF string (Unicode):
(hyperref)                removing `\<def>-command' on input line 152.


Package hyperref Warning: Token not allowed in a PDF string (Unicode):
(hyperref)                removing `\textunderscore' on input line 152.


Package hyperref Warning: Token not allowed in a PDF string (Unicode):
(hyperref)                removing `\<let>-command' on input line 152.


Package hyperref Warning: Token not allowed in a PDF string (Unicode):
(hyperref)                removing `\_' on input line 152.


Package hyperref Warning: Token not allowed in a PDF string (Unicode):
(hyperref)                removing `\catcode' on input line 152.


Package hyperref Warning: Token not allowed in a PDF string (Unicode):
(hyperref)                removing `\active' on input line 152.


Package hyperref Warning: Token not allowed in a PDF string (Unicode):
(hyperref)                removing `\<let>-command' on input line 152.


Package hyperref Warning: Token not allowed in a PDF string (Unicode):
(hyperref)                removing `\csname\endcsname' on input line 152.


Package hyperref Warning: Token not allowed in a PDF string (Unicode):
(hyperref)                removing `\<let>-command' on input line 152.


Package hyperref Warning: Token not allowed in a PDF string (Unicode):
(hyperref)                removing `\csname\endcsname' on input line 152.


Package hyperref Warning: Token not allowed in a PDF string (Unicode):
(hyperref)                removing `\<let>-command' on input line 152.


Package hyperref Warning: Token not allowed in a PDF string (Unicode):
(hyperref)                removing `\~' on input line 152.


Package hyperref Warning: Token not allowed in a PDF string (Unicode):
(hyperref)                removing `\<let>-command' on input line 152.


Package hyperref Warning: Token not allowed in a PDF string (Unicode):
(hyperref)                removing `\textasciitilde' on input line 152.


Package hyperref Warning: Token not allowed in a PDF string (Unicode):
(hyperref)                removing `\<let>-command' on input line 152.


Package hyperref Warning: Token not allowed in a PDF string (Unicode):
(hyperref)                removing `\\' on input line 152.


Package hyperref Warning: Token not allowed in a PDF string (Unicode):
(hyperref)                removing `\<def>-command' on input line 152.


Package hyperref Warning: Token not allowed in a PDF string (Unicode):
(hyperref)                removing `\csname\endcsname' on input line 152.


Package hyperref Warning: Token not allowed in a PDF string (Unicode):
(hyperref)                removing `\<def>-command' on input line 152.


Package hyperref Warning: Token not allowed in a PDF string (Unicode):
(hyperref)                removing `\Hy@tempa' on input line 152.


Package hyperref Warning: Token not allowed in a PDF string (Unicode):
(hyperref)                removing `\<def>-command' on input line 152.


Package hyperref Warning: Token not allowed in a PDF string (Unicode):
(hyperref)                removing `\Hy@tempa' on input line 152.

No file talk_april_8_2019.aux.
\openout1 = `talk_april_8_2019.aux'.

LaTeX Font Info:    Checking defaults for OML/cmm/m/it on input line 156.
LaTeX Font Info:    ... okay on input line 156.
LaTeX Font Info:    Checking defaults for T1/cmr/m/n on input line 156.
LaTeX Font Info:    ... okay on input line 156.
LaTeX Font Info:    Checking defaults for OT1/cmr/m/n on input line 156.
LaTeX Font Info:    ... okay on input line 156.
LaTeX Font Info:    Checking defaults for OMS/cmsy/m/n on input line 156.
LaTeX Font Info:    ... okay on input line 156.
LaTeX Font Info:    Checking defaults for OMX/cmex/m/n on input line 156.
LaTeX Font Info:    ... okay on input line 156.
LaTeX Font Info:    Checking defaults for U/cmr/m/n on input line 156.
LaTeX Font Info:    ... okay on input line 156.
LaTeX Font Info:    Checking defaults for PD1/pdf/m/n on input line 156.
LaTeX Font Info:    ... okay on input line 156.
LaTeX Font Info:    Checking defaults for PU/pdf/m/n on input line 156.
LaTeX Font Info:    ... okay on input line 156.
LaTeX Font Info:    Checking defaults for TS1/cmr/m/n on input line 156.
LaTeX Font Info:    Try loading font information for TS1+cmr on input line 156.

(/Users/georgianaanderson/Library/TinyTeX/texmf-dist/tex/latex/base/ts1cmr.fd
File: ts1cmr.fd 2014/09/29 v2.5h Standard LaTeX font definitions
)
LaTeX Font Info:    ... okay on input line 156.
LaTeX Font Info:    Try loading font information for T1+lmss on input line 156.

(/Users/georgianaanderson/Library/TinyTeX/texmf-dist/tex/latex/lm/t1lmss.fd
File: t1lmss.fd 2009/10/30 v1.6 Font defs for Latin Modern
)
*geometry* driver: auto-detecting
*geometry* detected driver: pdftex
*geometry* verbose mode - [ preamble ] result:
* driver: pdftex
* paper: custom
* layout: <same size as paper>
* layoutoffset:(h,v)=(0.0pt,0.0pt)
* modes: includehead includefoot 
* h-part:(L,W,R)=(28.45274pt, 307.28987pt, 28.45274pt)
* v-part:(T,H,B)=(0.0pt, 273.14662pt, 0.0pt)
* \paperwidth=364.19536pt
* \paperheight=273.14662pt
* \textwidth=307.28987pt
* \textheight=244.6939pt
* \oddsidemargin=-43.81725pt
* \evensidemargin=-43.81725pt
* \topmargin=-72.26999pt
* \headheight=14.22636pt
* \headsep=0.0pt
* \topskip=10.0pt
* \footskip=14.22636pt
* \marginparwidth=3.0pt
* \marginparsep=11.0pt
* \columnsep=10.0pt
* \skip\footins=9.0pt plus 4.0pt minus 2.0pt
* \hoffset=0.0pt
* \voffset=0.0pt
* \mag=1000
* \@twocolumnfalse
* \@twosidefalse
* \@mparswitchfalse
* \@reversemarginfalse
* (1in=72.27pt=25.4mm, 1cm=28.453pt)


(/Users/georgianaanderson/Library/TinyTeX/texmf-dist/tex/latex/oberdiek/epstopd
f-base.sty
Package: epstopdf-base 2016/05/15 v2.6 Base part for package epstopdf

(/Users/georgianaanderson/Library/TinyTeX/texmf-dist/tex/latex/oberdiek/grfext.
sty
Package: grfext 2016/05/16 v1.2 Manage graphics extensions (HO)
)
Package epstopdf-base Info: Redefining graphics rule for `.eps' on input line 4
38.
Package grfext Info: Graphics extension search list:
(grfext)             [.pdf,.png,.jpg,.mps,.jpeg,.jbig2,.jb2,.PDF,.PNG,.JPG,.JPE
G,.JBIG2,.JB2,.eps]
(grfext)             \AppendGraphicsExtensions on input line 456.

(/Users/georgianaanderson/Library/TinyTeX/texmf-dist/tex/latex/latexconfig/epst
opdf-sys.cfg
File: epstopdf-sys.cfg 2010/07/13 v1.3 Configuration of (r)epstopdf for TeX Liv
e
)) ABD: EveryShipout initializing macros
\AtBeginShipoutBox=\box64
Package hyperref Info: Link coloring ON on input line 156.

(/Users/georgianaanderson/Library/TinyTeX/texmf-dist/tex/latex/hyperref/nameref
.sty
Package: nameref 2016/05/21 v2.44 Cross-referencing by name of section

(/Users/georgianaanderson/Library/TinyTeX/texmf-dist/tex/generic/oberdiek/getti
tlestring.sty
Package: gettitlestring 2016/05/16 v1.5 Cleanup title references (HO)
)
\c@section@level=\count185
)
LaTeX Info: Redefining \ref on input line 156.
LaTeX Info: Redefining \pageref on input line 156.
LaTeX Info: Redefining \nameref on input line 156.
LaTeX Font Info:    Overwriting symbol font `operators' in version `normal'
(Font)                  OT1/lmr/m/n --> OT1/cmss/m/n on input line 156.
LaTeX Font Info:    Overwriting symbol font `operators' in version `bold'
(Font)                  OT1/lmr/bx/n --> OT1/cmss/bx/n on input line 156.
LaTeX Font Info:    Overwriting symbol font `operators' in version `normal'
(Font)                  OT1/cmss/m/n --> OT1/lmss/m/n on input line 156.
LaTeX Font Info:    Overwriting symbol font `operators' in version `bold'
(Font)                  OT1/cmss/bx/n --> OT1/lmss/bx/n on input line 156.
\symnumbers=\mathgroup6
\sympureletters=\mathgroup7
LaTeX Font Info:    Overwriting math alphabet `\mathrm' in version `normal'
(Font)                  OT1/lmss/m/n --> T1/lmr/m/n on input line 156.
LaTeX Font Info:    Redeclaring math alphabet \mathbf on input line 156.
LaTeX Font Info:    Overwriting math alphabet `\mathbf' in version `normal'
(Font)                  OT1/lmr/bx/n --> T1/lmss/bx/n on input line 156.
LaTeX Font Info:    Overwriting math alphabet `\mathbf' in version `bold'
(Font)                  OT1/lmr/bx/n --> T1/lmss/bx/n on input line 156.
LaTeX Font Info:    Redeclaring math alphabet \mathsf on input line 156.
LaTeX Font Info:    Overwriting math alphabet `\mathsf' in version `normal'
(Font)                  OT1/lmss/m/n --> T1/lmss/m/n on input line 156.
LaTeX Font Info:    Overwriting math alphabet `\mathsf' in version `bold'
(Font)                  OT1/lmss/bx/n --> T1/lmss/m/n on input line 156.
LaTeX Font Info:    Redeclaring math alphabet \mathit on input line 156.
LaTeX Font Info:    Overwriting math alphabet `\mathit' in version `normal'
(Font)                  OT1/lmr/m/it --> T1/lmss/m/it on input line 156.
LaTeX Font Info:    Overwriting math alphabet `\mathit' in version `bold'
(Font)                  OT1/lmr/bx/it --> T1/lmss/m/it on input line 156.
LaTeX Font Info:    Redeclaring math alphabet \mathtt on input line 156.
LaTeX Font Info:    Overwriting math alphabet `\mathtt' in version `normal'
(Font)                  OT1/lmtt/m/n --> T1/lmtt/m/n on input line 156.
LaTeX Font Info:    Overwriting math alphabet `\mathtt' in version `bold'
(Font)                  OT1/lmtt/m/n --> T1/lmtt/m/n on input line 156.
LaTeX Font Info:    Overwriting symbol font `numbers' in version `bold'
(Font)                  T1/lmss/m/n --> T1/lmss/bx/n on input line 156.
LaTeX Font Info:    Overwriting symbol font `pureletters' in version `bold'
(Font)                  T1/lmss/m/it --> T1/lmss/bx/it on input line 156.
LaTeX Font Info:    Overwriting math alphabet `\mathrm' in version `bold'
(Font)                  OT1/lmss/bx/n --> T1/lmr/bx/n on input line 156.
LaTeX Font Info:    Overwriting math alphabet `\mathbf' in version `bold'
(Font)                  T1/lmss/bx/n --> T1/lmss/bx/n on input line 156.
LaTeX Font Info:    Overwriting math alphabet `\mathsf' in version `bold'
(Font)                  T1/lmss/m/n --> T1/lmss/bx/n on input line 156.
LaTeX Font Info:    Overwriting math alphabet `\mathit' in version `bold'
(Font)                  T1/lmss/m/it --> T1/lmss/bx/it on input line 156.
LaTeX Font Info:    Overwriting math alphabet `\mathtt' in version `bold'
(Font)                  T1/lmtt/m/n --> T1/lmtt/bx/n on input line 156.

(/Users/georgianaanderson/Library/TinyTeX/texmf-dist/tex/latex/translator/trans
lator-basic-dictionary-English.dict
Dictionary: translator-basic-dictionary, Language: English 
)
(/Users/georgianaanderson/Library/TinyTeX/texmf-dist/tex/latex/translator/trans
lator-bibliography-dictionary-English.dict
Dictionary: translator-bibliography-dictionary, Language: English 
)
(/Users/georgianaanderson/Library/TinyTeX/texmf-dist/tex/latex/translator/trans
lator-environment-dictionary-English.dict
Dictionary: translator-environment-dictionary, Language: English 
)
(/Users/georgianaanderson/Library/TinyTeX/texmf-dist/tex/latex/translator/trans
lator-months-dictionary-English.dict
Dictionary: translator-months-dictionary, Language: English 
)
(/Users/georgianaanderson/Library/TinyTeX/texmf-dist/tex/latex/translator/trans
lator-numbers-dictionary-English.dict
Dictionary: translator-numbers-dictionary, Language: English 
)
(/Users/georgianaanderson/Library/TinyTeX/texmf-dist/tex/latex/translator/trans
lator-theorem-dictionary-English.dict
Dictionary: translator-theorem-dictionary, Language: English 
)
No file talk_april_8_2019.nav.
LaTeX Font Info:    Try loading font information for U+fontawesometwo on input 
line 160.

(/Users/georgianaanderson/Library/TinyTeX/texmf-dist/tex/latex/fontawesome/ufon
tawesometwo.fd
File: ufontawesometwo.fd 2016/05/22 Font definitions for U/fontawesometwo.
)
LaTeX Font Info:    Try loading font information for OT1+lmss on input line 160
.
(/Users/georgianaanderson/Library/TinyTeX/texmf-dist/tex/latex/lm/ot1lmss.fd
File: ot1lmss.fd 2009/10/30 v1.6 Font defs for Latin Modern
)
LaTeX Font Info:    Try loading font information for OML+lmm on input line 160.

(/Users/georgianaanderson/Library/TinyTeX/texmf-dist/tex/latex/lm/omllmm.fd
File: omllmm.fd 2009/10/30 v1.6 Font defs for Latin Modern
)
LaTeX Font Info:    Try loading font information for OMS+lmsy on input line 160
.
(/Users/georgianaanderson/Library/TinyTeX/texmf-dist/tex/latex/lm/omslmsy.fd
File: omslmsy.fd 2009/10/30 v1.6 Font defs for Latin Modern
)
LaTeX Font Info:    Try loading font information for OMX+lmex on input line 160
.
(/Users/georgianaanderson/Library/TinyTeX/texmf-dist/tex/latex/lm/omxlmex.fd
File: omxlmex.fd 2009/10/30 v1.6 Font defs for Latin Modern
)
LaTeX Font Info:    External font `lmex10' loaded for size
(Font)              <9> on input line 160.
LaTeX Font Info:    External font `lmex10' loaded for size
(Font)              <6> on input line 160.
LaTeX Font Info:    External font `lmex10' loaded for size
(Font)              <5> on input line 160.
LaTeX Font Info:    Try loading font information for U+msa on input line 160.

(/Users/georgianaanderson/Library/TinyTeX/texmf-dist/tex/latex/amsfonts/umsa.fd
File: umsa.fd 2013/01/14 v3.01 AMS symbols A
)
LaTeX Font Info:    Try loading font information for U+msb on input line 160.

(/Users/georgianaanderson/Library/TinyTeX/texmf-dist/tex/latex/amsfonts/umsb.fd
File: umsb.fd 2013/01/14 v3.01 AMS symbols B
)
LaTeX Font Info:    Font shape `T1/lmss/m/it' in size <9> not available
(Font)              Font shape `T1/lmss/m/sl' tried instead on input line 160.
LaTeX Font Info:    Font shape `T1/lmss/m/it' in size <6> not available
(Font)              Font shape `T1/lmss/m/sl' tried instead on input line 160.
LaTeX Font Info:    Font shape `T1/lmss/m/it' in size <5> not available
(Font)              Font shape `T1/lmss/m/sl' tried instead on input line 160.
LaTeX Font Info:    Try loading font information for U+fontawesomethree on inpu
t line 160.

(/Users/georgianaanderson/Library/TinyTeX/texmf-dist/tex/latex/fontawesome/ufon
tawesomethree.fd
File: ufontawesomethree.fd 2016/05/22 Font definitions for U/fontawesomethree.
)
Overfull \vbox (39.39339pt too high) detected at line 160
 []

[1

{/Users/georgianaanderson/Library/TinyTeX/texmf-var/fonts/map/pdftex/updmap/pdf
tex.map}]
LaTeX Font Info:    Try loading font information for TS1+lmss on input line 221
.
(/Users/georgianaanderson/Library/TinyTeX/texmf-dist/tex/latex/lm/ts1lmss.fd
File: ts1lmss.fd 2009/10/30 v1.6 Font defs for Latin Modern
) [2

]
LaTeX Font Info:    External font `lmex10' loaded for size
(Font)              <10> on input line 224.
LaTeX Font Info:    External font `lmex10' loaded for size
(Font)              <7> on input line 224.
LaTeX Font Info:    Font shape `T1/lmss/m/it' in size <10> not available
(Font)              Font shape `T1/lmss/m/sl' tried instead on input line 224.
LaTeX Font Info:    Font shape `T1/lmss/m/it' in size <7> not available
(Font)              Font shape `T1/lmss/m/sl' tried instead on input line 224.
[3

]
<figures/maria_excess_deaths.png, id=43, 729.72626pt x 439.6425pt>
File: figures/maria_excess_deaths.png Graphic file (type png)
<use figures/maria_excess_deaths.png>
Package pdftex.def Info: figures/maria_excess_deaths.png  used on input line 23
6.
(pdftex.def)             Requested size: 276.559pt x 166.61641pt.

Overfull \vbox (7.91418pt too high) detected at line 236
 []

[4

 <./figures/maria_excess_deaths.png>]
<figures/maria_timeseries.png, id=53, 628.3475pt x 393.47pt>
File: figures/maria_timeseries.png Graphic file (type png)
<use figures/maria_timeseries.png>
Package pdftex.def Info: figures/maria_timeseries.png  used on input line 247.
(pdftex.def)             Requested size: 307.28987pt x 192.42374pt.

Overfull \vbox (9.97716pt too high) detected at line 247
 []

[5

 <./figures/maria_timeseries.png>]
<figures/sandy_satellite.jpg, id=61, 2036.60875pt x 2076.75874pt>
File: figures/sandy_satellite.jpg Graphic file (type jpg)
<use figures/sandy_satellite.jpg>
Package pdftex.def Info: figures/sandy_satellite.jpg  used on input line 278.
(pdftex.def)             Requested size: 138.2795pt x 140.98323pt.
[6

 <./figures/sandy_satellite.jpg>] [7

] [8

]
<talk_april_8_2019_files/figure-beamer/unnamed-chunk-4-1.pdf, id=83, 377.41pt x
 298.11375pt>
File: talk_april_8_2019_files/figure-beamer/unnamed-chunk-4-1.pdf Graphic file 
(type pdf)
<use talk_april_8_2019_files/figure-beamer/unnamed-chunk-4-1.pdf>
Package pdftex.def Info: talk_april_8_2019_files/figure-beamer/unnamed-chunk-4-
1.pdf  used on input line 310.
(pdftex.def)             Requested size: 276.559pt x 218.45366pt.

Overfull \vbox (9.28465pt too high) detected at line 310
 []

[9

 <./talk_april_8_2019_files/figure-beamer/unnamed-chunk-4-1.pdf>]
<talk_april_8_2019_files/figure-beamer/unnamed-chunk-6-1.pdf, id=100, 484.81125
pt x 348.30125pt>
File: talk_april_8_2019_files/figure-beamer/unnamed-chunk-6-1.pdf Graphic file 
(type pdf)
<use talk_april_8_2019_files/figure-beamer/unnamed-chunk-6-1.pdf>
Package pdftex.def Info: talk_april_8_2019_files/figure-beamer/unnamed-chunk-6-
1.pdf  used on input line 317.
(pdftex.def)             Requested size: 307.28987pt x 220.77554pt.

Overfull \vbox (11.60654pt too high) detected at line 317
 []

[10

 <./talk_april_8_2019_files/figure-beamer/unnamed-chunk-6-1.pdf>] [11

]
<talk_april_8_2019_files/figure-beamer/unnamed-chunk-7-1.pdf, id=126, 499.8675p
t x 352.31625pt>
File: talk_april_8_2019_files/figure-beamer/unnamed-chunk-7-1.pdf Graphic file 
(type pdf)
<use talk_april_8_2019_files/figure-beamer/unnamed-chunk-7-1.pdf>
Package pdftex.def Info: talk_april_8_2019_files/figure-beamer/unnamed-chunk-7-
1.pdf  used on input line 344.
(pdftex.def)             Requested size: 307.28987pt x 216.58987pt.
[12

 <./talk_april_8_2019_files/figure-beamer/unnamed-chunk-7-1.pdf>]
<talk_april_8_2019_files/figure-beamer/unnamed-chunk-8-1.pdf, id=146, 499.8675p
t x 352.31625pt>
File: talk_april_8_2019_files/figure-beamer/unnamed-chunk-8-1.pdf Graphic file 
(type pdf)
<use talk_april_8_2019_files/figure-beamer/unnamed-chunk-8-1.pdf>
Package pdftex.def Info: talk_april_8_2019_files/figure-beamer/unnamed-chunk-8-
1.pdf  used on input line 351.
(pdftex.def)             Requested size: 307.28987pt x 216.58987pt.
[13

 <./talk_april_8_2019_files/figure-beamer/unnamed-chunk-8-1.pdf>]
<talk_april_8_2019_files/figure-beamer/unnamed-chunk-9-1.pdf, id=166, 499.8675p
t x 352.31625pt>
File: talk_april_8_2019_files/figure-beamer/unnamed-chunk-9-1.pdf Graphic file 
(type pdf)
<use talk_april_8_2019_files/figure-beamer/unnamed-chunk-9-1.pdf>
Package pdftex.def Info: talk_april_8_2019_files/figure-beamer/unnamed-chunk-9-
1.pdf  used on input line 358.
(pdftex.def)             Requested size: 307.28987pt x 216.58987pt.
[14

 <./talk_april_8_2019_files/figure-beamer/unnamed-chunk-9-1.pdf>]
<talk_april_8_2019_files/figure-beamer/unnamed-chunk-10-1.pdf, id=184, 499.8675
pt x 352.31625pt>
File: talk_april_8_2019_files/figure-beamer/unnamed-chunk-10-1.pdf Graphic file
 (type pdf)
<use talk_april_8_2019_files/figure-beamer/unnamed-chunk-10-1.pdf>
Package pdftex.def Info: talk_april_8_2019_files/figure-beamer/unnamed-chunk-10
-1.pdf  used on input line 365.
(pdftex.def)             Requested size: 307.28987pt x 216.58987pt.
[15

 <./talk_april_8_2019_files/figure-beamer/unnamed-chunk-10-1.pdf>] [16

] [17

] [18

]
<talk_april_8_2019_files/figure-beamer/unnamed-chunk-13-1.pdf, id=225, 449.68pt
 x 276.03125pt>
File: talk_april_8_2019_files/figure-beamer/unnamed-chunk-13-1.pdf Graphic file
 (type pdf)
<use talk_april_8_2019_files/figure-beamer/unnamed-chunk-13-1.pdf>
Package pdftex.def Info: talk_april_8_2019_files/figure-beamer/unnamed-chunk-13
-1.pdf  used on input line 460.
(pdftex.def)             Requested size: 307.28987pt x 188.63379pt.
[19

 <./talk_april_8_2019_files/figure-beamer/unnamed-chunk-13-1.pdf>]
Overfull \vbox (9.83257pt too high) detected at line 496
 []

[20

]
<talk_april_8_2019_files/figure-beamer/unnamed-chunk-14-1.pdf, id=251, 499.8675
pt x 316.18124pt>
File: talk_april_8_2019_files/figure-beamer/unnamed-chunk-14-1.pdf Graphic file
 (type pdf)
<use talk_april_8_2019_files/figure-beamer/unnamed-chunk-14-1.pdf>
Package pdftex.def Info: talk_april_8_2019_files/figure-beamer/unnamed-chunk-14
-1.pdf  used on input line 503.
(pdftex.def)             Requested size: 307.28987pt x 194.37552pt.
[21

 <./talk_april_8_2019_files/figure-beamer/unnamed-chunk-14-1.pdf>]
<talk_april_8_2019_files/figure-beamer/unnamed-chunk-15-1.pdf, id=268, 501.875p
t x 316.18124pt>
File: talk_april_8_2019_files/figure-beamer/unnamed-chunk-15-1.pdf Graphic file
 (type pdf)
<use talk_april_8_2019_files/figure-beamer/unnamed-chunk-15-1.pdf>
Package pdftex.def Info: talk_april_8_2019_files/figure-beamer/unnamed-chunk-15
-1.pdf  used on input line 510.
(pdftex.def)             Requested size: 307.28987pt x 193.60359pt.
[22

 <./talk_april_8_2019_files/figure-beamer/unnamed-chunk-15-1.pdf>]
<figures/negativeControl_wind.pdf, id=285, 578.16pt x 252.945pt>
File: figures/negativeControl_wind.pdf Graphic file (type pdf)
<use figures/negativeControl_wind.pdf>
Package pdftex.def Info: figures/negativeControl_wind.pdf  used on input line 5
21.
(pdftex.def)             Requested size: 307.28987pt x 134.43845pt.
[23

 <./figures/negativeControl_wind.pdf>]
<talk_april_8_2019_files/figure-beamer/unnamed-chunk-17-1.pdf, id=299, 499.8675
pt x 316.18124pt>
File: talk_april_8_2019_files/figure-beamer/unnamed-chunk-17-1.pdf Graphic file
 (type pdf)
<use talk_april_8_2019_files/figure-beamer/unnamed-chunk-17-1.pdf>
Package pdftex.def Info: talk_april_8_2019_files/figure-beamer/unnamed-chunk-17
-1.pdf  used on input line 528.
(pdftex.def)             Requested size: 307.28987pt x 194.37552pt.
[24

 <./talk_april_8_2019_files/figure-beamer/unnamed-chunk-17-1.pdf>]
<talk_april_8_2019_files/figure-beamer/unnamed-chunk-18-1.pdf, id=313, 499.8675
pt x 316.18124pt>
File: talk_april_8_2019_files/figure-beamer/unnamed-chunk-18-1.pdf Graphic file
 (type pdf)
<use talk_april_8_2019_files/figure-beamer/unnamed-chunk-18-1.pdf>
Package pdftex.def Info: talk_april_8_2019_files/figure-beamer/unnamed-chunk-18
-1.pdf  used on input line 535.
(pdftex.def)             Requested size: 307.28987pt x 194.37552pt.
[25

 <./talk_april_8_2019_files/figure-beamer/unnamed-chunk-18-1.pdf>]
<talk_april_8_2019_files/figure-beamer/unnamed-chunk-19-1.pdf, id=328, 577.1562
5pt x 167.62625pt>
File: talk_april_8_2019_files/figure-beamer/unnamed-chunk-19-1.pdf Graphic file
 (type pdf)
<use talk_april_8_2019_files/figure-beamer/unnamed-chunk-19-1.pdf>
Package pdftex.def Info: talk_april_8_2019_files/figure-beamer/unnamed-chunk-19
-1.pdf  used on input line 549.
(pdftex.def)             Requested size: 307.28987pt x 89.25072pt.
[26

 <./talk_april_8_2019_files/figure-beamer/unnamed-chunk-19-1.pdf>]
<talk_april_8_2019_files/figure-beamer/unnamed-chunk-20-1.pdf, id=342, 501.875p
t x 316.18124pt>
File: talk_april_8_2019_files/figure-beamer/unnamed-chunk-20-1.pdf Graphic file
 (type pdf)
<use talk_april_8_2019_files/figure-beamer/unnamed-chunk-20-1.pdf>
Package pdftex.def Info: talk_april_8_2019_files/figure-beamer/unnamed-chunk-20
-1.pdf  used on input line 556.
(pdftex.def)             Requested size: 307.28987pt x 193.60359pt.
[27

 <./talk_april_8_2019_files/figure-beamer/unnamed-chunk-20-1.pdf>]
<talk_april_8_2019_files/figure-beamer/unnamed-chunk-21-1.pdf, id=356, 501.875p
t x 316.18124pt>
File: talk_april_8_2019_files/figure-beamer/unnamed-chunk-21-1.pdf Graphic file
 (type pdf)
<use talk_april_8_2019_files/figure-beamer/unnamed-chunk-21-1.pdf>
Package pdftex.def Info: talk_april_8_2019_files/figure-beamer/unnamed-chunk-21
-1.pdf  used on input line 563.
(pdftex.def)             Requested size: 307.28987pt x 193.60359pt.
[28

 <./talk_april_8_2019_files/figure-beamer/unnamed-chunk-21-1.pdf>] [29

]
<figures/sandy_ed_visits.jpg, id=377, 433.62pt x 260.4129pt>
File: figures/sandy_ed_visits.jpg Graphic file (type jpg)
<use figures/sandy_ed_visits.jpg>
Package pdftex.def Info: figures/sandy_ed_visits.jpg  used on input line 585.
(pdftex.def)             Requested size: 245.83282pt x 147.6382pt.
LaTeX Font Info:    Font shape `T1/lmss/m/it' in size <8> not available
(Font)              Font shape `T1/lmss/m/sl' tried instead on input line 585.
[30

 <./figures/sandy_ed_visits.jpg>]
<figures/power_outage_study.png, id=384, 518.93875pt x 681.54625pt>
File: figures/power_outage_study.png Graphic file (type png)
<use figures/power_outage_study.png>
Package pdftex.def Info: figures/power_outage_study.png  used on input line 602
.
(pdftex.def)             Requested size: 153.64493pt x 201.79277pt.
[31

 <./figures/power_outage_study.png>]
<figures/noaa_study.png, id=393, 1073.00874pt x 491.8375pt>
File: figures/noaa_study.png Graphic file (type png)
<use figures/noaa_study.png>
Package pdftex.def Info: figures/noaa_study.png  used on input line 612.
(pdftex.def)             Requested size: 307.28987pt x 140.85057pt.
[32

 <./figures/noaa_study.png>]
<figures/Allison_Flood_Houston.jpg, id=401, 287.86537pt x 196.16142pt>
File: figures/Allison_Flood_Houston.jpg Graphic file (type jpg)
<use figures/Allison_Flood_Houston.jpg>
Package pdftex.def Info: figures/Allison_Flood_Houston.jpg  used on input line 
627.
(pdftex.def)             Requested size: 245.83282pt x 167.51921pt.
[33

 <./figures/Allison_Flood_Houston.jpg>]
<figures/attr_1.png, id=408, 825.0825pt x 209.78375pt>
File: figures/attr_1.png Graphic file (type png)
<use figures/attr_1.png>
Package pdftex.def Info: figures/attr_1.png  used on input line 638.
(pdftex.def)             Requested size: 245.83282pt x 62.50346pt.
<figures/attr_2.png, id=409, 1063.975pt x 249.93375pt>
File: figures/attr_2.png Graphic file (type png)
<use figures/attr_2.png>
Package pdftex.def Info: figures/attr_2.png  used on input line 638.
(pdftex.def)             Requested size: 245.83282pt x 57.74669pt.
<figures/attr_3.png, id=410, 926.46124pt x 213.79875pt>
File: figures/attr_3.png Graphic file (type png)
<use figures/attr_3.png>
Package pdftex.def Info: figures/attr_3.png  used on input line 638.
(pdftex.def)             Requested size: 245.83282pt x 56.72816pt.
[34

 <./figures/attr_1.png> <./figures/attr_2.png> <./figures/attr_3.png>]
<figures/sandy_attr2.png, id=420, 1109.14375pt x 459.7175pt>
File: figures/sandy_attr2.png Graphic file (type png)
<use figures/sandy_attr2.png>
Package pdftex.def Info: figures/sandy_attr2.png  used on input line 652.
(pdftex.def)             Requested size: 307.28987pt x 127.36618pt.
[35

 <./figures/sandy_attr2.png>]
<figures/sandy_attr1.png, id=428, 1124.2pt x 598.235pt>
File: figures/sandy_attr1.png Graphic file (type png)
<use figures/sandy_attr1.png>
Package pdftex.def Info: figures/sandy_attr1.png  used on input line 666.
(pdftex.def)             Requested size: 307.28987pt x 163.51558pt.

Overfull \vbox (0.1469pt too high) detected at line 666
 []

[36

 <./figures/sandy_attr1.png>] [37

]
\openout4 = `talk_april_8_2019.vrb'.

(./talk_april_8_2019.vrb
LaTeX Font Info:    Try loading font information for T1+lmtt on input line 13.
(/Users/georgianaanderson/Library/TinyTeX/texmf-dist/tex/latex/lm/t1lmtt.fd
File: t1lmtt.fd 2009/10/30 v1.6 Font defs for Latin Modern
)
LaTeX Font Info:    Font shape `T1/lmtt/bx/n' in size <8> not available
(Font)              Font shape `T1/lmtt/b/n' tried instead on input line 14.
)
LaTeX Font Info:    Font shape `T1/lmtt/bx/n' in size <12> not available
(Font)              Font shape `T1/lmtt/b/n' tried instead on input line 721.
[38

]
\openout4 = `talk_april_8_2019.vrb'.

(./talk_april_8_2019.vrb
LaTeX Font Info:    Font shape `T1/lmtt/bx/n' in size <10> not available
(Font)              Font shape `T1/lmtt/b/n' tried instead on input line 9.
<talk_april_8_2019_files/figure-beamer/unnamed-chunk-31-1.pdf, id=452, 349.305p
t x 195.73125pt>
File: talk_april_8_2019_files/figure-beamer/unnamed-chunk-31-1.pdf Graphic file
 (type pdf)
<use talk_april_8_2019_files/figure-beamer/unnamed-chunk-31-1.pdf>
Package pdftex.def Info: talk_april_8_2019_files/figure-beamer/unnamed-chunk-31
-1.pdf  used on input line 13.
(pdftex.def)             Requested size: 307.28987pt x 172.19922pt.
)
Overfull \vbox (22.5955pt too high) detected at line 737
 []

[39

 <./talk_april_8_2019_files/figure-beamer/unnamed-chunk-31-1.pdf>]
<figures/butterfly-hurricane.png, id=467, 296.10625pt x 238.39063pt>
File: figures/butterfly-hurricane.png Graphic file (type png)
<use figures/butterfly-hurricane.png>
Package pdftex.def Info: figures/butterfly-hurricane.png  used on input line 74
8.
(pdftex.def)             Requested size: 276.559pt x 222.66129pt.

Overfull \vbox (20.8801pt too high) detected at line 748
 []

[40

 <./figures/butterfly-hurricane.png (PNG copy)>]
\tf@nav=\write6
\openout6 = `talk_april_8_2019.nav'.

\tf@toc=\write7
\openout7 = `talk_april_8_2019.toc'.

\tf@snm=\write8
\openout8 = `talk_april_8_2019.snm'.

Package atveryend Info: Empty hook `BeforeClearDocument' on input line 750.
Package atveryend Info: Empty hook `AfterLastShipout' on input line 750.
(./talk_april_8_2019.aux)
Package atveryend Info: Executing hook `AtVeryEndDocument' on input line 750.
Package atveryend Info: Empty hook `AtEndAfterFileList' on input line 750.
 ) 
Here is how much of TeX's memory you used:
 28176 strings out of 494562
 533098 string characters out of 6174329
 589668 words of memory out of 5000000
 31080 multiletter control sequences out of 15000+600000
 79610 words of font info for 70 fonts, out of 8000000 for 9000
 14 hyphenation exceptions out of 8191
 61i,13n,79p,1816b,908s stack positions out of 5000i,500n,10000p,200000b,80000s
{/Users/georgianaanderson/Library/TinyTeX/texmf-dist/fonts/enc/dvips/lm/lm-ec
.enc}{/Users/georgianaanderson/Library/TinyTeX/texmf-dist/fonts/enc/dvips/lm/lm
-mathsy.enc}{/Users/georgianaanderson/Library/TinyTeX/texmf-dist/fonts/enc/dvip
s/lm/lm-rm.enc}{/Users/georgianaanderson/Library/TinyTeX/texmf-dist/fonts/enc/d
vips/lm/lm-mathex.enc}{/Users/georgianaanderson/Library/TinyTeX/texmf-dist/font
s/enc/dvips/lm/lm-mathit.enc}{/Users/georgianaanderson/Library/TinyTeX/texmf-di
st/fonts/enc/dvips/lm/lm-ts1.enc}{/Users/georgianaanderson/Library/TinyTeX/texm
f-dist/fonts/enc/dvips/fontawesome/fontawesomethree.enc}{/Users/georgianaanders
on/Library/TinyTeX/texmf-dist/fonts/enc/dvips/fontawesome/fontawesometwo.enc}</
Users/georgianaanderson/Library/TinyTeX/texmf-dist/fonts/type1/public/fontaweso
me/FontAwesome.pfb></Users/georgianaanderson/Library/TinyTeX/texmf-dist/fonts/t
ype1/public/lm/lmex10.pfb></Users/georgianaanderson/Library/TinyTeX/texmf-dist/
fonts/type1/public/lm/lmmi10.pfb></Users/georgianaanderson/Library/TinyTeX/texm
f-dist/fonts/type1/public/lm/lmmi9.pfb></Users/georgianaanderson/Library/TinyTe
X/texmf-dist/fonts/type1/public/lm/lmss10.pfb></Users/georgianaanderson/Library
/TinyTeX/texmf-dist/fonts/type1/public/lm/lmss12.pfb></Users/georgianaanderson/
Library/TinyTeX/texmf-dist/fonts/type1/public/lm/lmss8.pfb></Users/georgianaand
erson/Library/TinyTeX/texmf-dist/fonts/type1/public/lm/lmss9.pfb></Users/georgi
anaanderson/Library/TinyTeX/texmf-dist/fonts/type1/public/lm/lmssbx10.pfb></Use
rs/georgianaanderson/Library/TinyTeX/texmf-dist/fonts/type1/public/lm/lmsso10.p
fb></Users/georgianaanderson/Library/TinyTeX/texmf-dist/fonts/type1/public/lm/l
msso8.pfb></Users/georgianaanderson/Library/TinyTeX/texmf-dist/fonts/type1/publ
ic/lm/lmsso9.pfb></Users/georgianaanderson/Library/TinyTeX/texmf-dist/fonts/typ
e1/public/lm/lmsy6.pfb></Users/georgianaanderson/Library/TinyTeX/texmf-dist/fon
ts/type1/public/lm/lmsy7.pfb></Users/georgianaanderson/Library/TinyTeX/texmf-di
st/fonts/type1/public/lm/lmtk10.pfb></Users/georgianaanderson/Library/TinyTeX/t
exmf-dist/fonts/type1/public/lm/lmtt10.pfb></Users/georgianaanderson/Library/Ti
nyTeX/texmf-dist/fonts/type1/public/lm/lmtt8.pfb>
Output written on talk_april_8_2019.pdf (40 pages, 3706993 bytes).
PDF statistics:
 580 PDF objects out of 1000 (max. 8388607)
 439 compressed objects within 5 object streams
 120 named destinations out of 1000 (max. 500000)
 212 words of extra memory for PDF output out of 10000 (max. 10000000)

